{"level":"WARNING","message":"deprecation 0 The devicemotion event is deprecated on insecure origins, and support will be removed in the future. You should consider switching your application to a secure origin, such as HTTPS. See https://goo.gl/rStTGz for more details.","source":"deprecation","timestamp":1556166435273}
{"level":"WARNING","message":"deprecation 0 The deviceorientation event is deprecated on insecure origins, and support will be removed in the future. You should consider switching your application to a secure origin, such as HTTPS. See https://goo.gl/rStTGz for more details.","source":"deprecation","timestamp":1556166435274}
{"level":"WARNING","message":"rendering 0 WebGL: INVALID_ENUM: getParameter: invalid parameter name","source":"rendering","timestamp":1556166435487}
{"level":"WARNING","message":"rendering 0 WebGL: INVALID_ENUM: getParameter: invalid parameter name","source":"rendering","timestamp":1556166435487}
{"level":"WARNING","message":"rendering 0 WebGL: INVALID_ENUM: getParameter: invalid parameter name","source":"rendering","timestamp":1556166435487}
{"level":"WARNING","message":"rendering 0 WebGL: INVALID_ENUM: getParameter: invalid parameter name","source":"rendering","timestamp":1556166435488}
{"level":"WARNING","message":"rendering 0 WebGL: INVALID_ENUM: getParameter: invalid parameter name","source":"rendering","timestamp":1556166435488}
{"level":"WARNING","message":"rendering 0 WebGL: INVALID_ENUM: getParameter: invalid parameter name","source":"rendering","timestamp":1556166435488}
{"level":"WARNING","message":"rendering 0 WebGL: INVALID_ENUM: getParameter: invalid parameter name","source":"rendering","timestamp":1556166435488}
{"level":"WARNING","message":"rendering 0 WebGL: INVALID_ENUM: getParameter: invalid parameter name","source":"rendering","timestamp":1556166435489}
{"level":"WARNING","message":"rendering 0 WebGL: INVALID_ENUM: getParameter: invalid parameter name","source":"rendering","timestamp":1556166435491}
{"level":"WARNING","message":"rendering 0 WebGL: INVALID_ENUM: getParameter: invalid parameter name","source":"rendering","timestamp":1556166435492}
{"level":"WARNING","message":"rendering 0 WebGL: INVALID_ENUM: getParameter: invalid parameter name","source":"rendering","timestamp":1556166435492}
{"level":"WARNING","message":"rendering 0 WebGL: INVALID_ENUM: getParameter: invalid parameter name","source":"rendering","timestamp":1556166435492}
{"level":"WARNING","message":"rendering 0 WebGL: INVALID_ENUM: getParameter: invalid parameter name","source":"rendering","timestamp":1556166435493}
{"level":"WARNING","message":"rendering 0 WebGL: INVALID_ENUM: getParameter: invalid parameter name","source":"rendering","timestamp":1556166435493}
{"level":"WARNING","message":"rendering 0 WebGL: INVALID_ENUM: getParameter: invalid parameter name","source":"rendering","timestamp":1556166435497}
{"level":"WARNING","message":"rendering 0 WebGL: INVALID_ENUM: getParameter: invalid parameter name","source":"rendering","timestamp":1556166435499}
{"level":"WARNING","message":"rendering 0 WebGL: INVALID_ENUM: getParameter: invalid parameter name","source":"rendering","timestamp":1556166435499}
{"level":"WARNING","message":"rendering 0 WebGL: INVALID_ENUM: getParameter: invalid parameter name","source":"rendering","timestamp":1556166435499}
{"level":"WARNING","message":"rendering 0 WebGL: INVALID_ENUM: getParameter: invalid parameter name","source":"rendering","timestamp":1556166435499}
{"level":"WARNING","message":"rendering 0 WebGL: INVALID_ENUM: getParameter: invalid parameter name","source":"rendering","timestamp":1556166435499}
{"level":"WARNING","message":"rendering 0 WebGL: INVALID_ENUM: getParameter: invalid parameter name","source":"rendering","timestamp":1556166435500}
{"level":"WARNING","message":"rendering 0 WebGL: INVALID_ENUM: getParameter: invalid parameter name","source":"rendering","timestamp":1556166435500}
{"level":"WARNING","message":"rendering 0 WebGL: INVALID_ENUM: getParameter: invalid parameter name","source":"rendering","timestamp":1556166435500}
{"level":"WARNING","message":"rendering 0 WebGL: INVALID_ENUM: getParameter: invalid parameter name","source":"rendering","timestamp":1556166435500}
{"level":"WARNING","message":"rendering 0 WebGL: INVALID_ENUM: getParameter: invalid parameter name","source":"rendering","timestamp":1556166435501}
{"level":"WARNING","message":"rendering 0 WebGL: INVALID_ENUM: getParameter: invalid parameter name","source":"rendering","timestamp":1556166435501}
{"level":"WARNING","message":"rendering 0 WebGL: INVALID_ENUM: getParameter: invalid parameter name","source":"rendering","timestamp":1556166435501}
{"level":"WARNING","message":"rendering 0 WebGL: INVALID_ENUM: getParameter: invalid parameter name","source":"rendering","timestamp":1556166435503}
{"level":"WARNING","message":"rendering 0 WebGL: INVALID_ENUM: getParameter: invalid parameter name","source":"rendering","timestamp":1556166435503}
{"level":"WARNING","message":"rendering 0 WebGL: INVALID_ENUM: getParameter: invalid parameter name","source":"rendering","timestamp":1556166435505}
{"level":"WARNING","message":"rendering 0 WebGL: INVALID_ENUM: getParameter: invalid parameter name","source":"rendering","timestamp":1556166435505}
{"level":"WARNING","message":"rendering 0 WebGL: INVALID_ENUM: getParameter: invalid parameter name","source":"rendering","timestamp":1556166435505}
{"level":"WARNING","message":"rendering 0 WebGL: INVALID_ENUM: getParameter: invalid parameter name","source":"rendering","timestamp":1556166435506}
{"level":"WARNING","message":"rendering 0 WebGL: INVALID_ENUM: getParameter: invalid parameter name","source":"rendering","timestamp":1556166435506}
{"level":"WARNING","message":"rendering 0 WebGL: INVALID_ENUM: getParameter: invalid parameter name","source":"rendering","timestamp":1556166435506}
{"level":"WARNING","message":"rendering 0 WebGL: INVALID_ENUM: getParameter: invalid parameter name","source":"rendering","timestamp":1556166435506}
{"level":"WARNING","message":"rendering 0 WebGL: INVALID_ENUM: getParameter: invalid parameter name","source":"rendering","timestamp":1556166435507}
{"level":"WARNING","message":"rendering 0 WebGL: INVALID_ENUM: getParameter: invalid parameter name","source":"rendering","timestamp":1556166435507}
{"level":"WARNING","message":"rendering 0 WebGL: INVALID_ENUM: getParameter: invalid parameter name","source":"rendering","timestamp":1556166435507}
{"level":"WARNING","message":"rendering 0 WebGL: INVALID_ENUM: getParameter: invalid parameter name","source":"rendering","timestamp":1556166435507}
{"level":"WARNING","message":"rendering 0 WebGL: INVALID_ENUM: getParameter: invalid parameter name","source":"rendering","timestamp":1556166435508}
{"level":"WARNING","message":"rendering 0 WebGL: INVALID_ENUM: getParameter: invalid parameter name","source":"rendering","timestamp":1556166435508}
{"level":"WARNING","message":"rendering 0 WebGL: INVALID_ENUM: getParameter: invalid parameter name","source":"rendering","timestamp":1556166435508}
{"level":"WARNING","message":"rendering 0 WebGL: INVALID_ENUM: getParameter: invalid parameter name","source":"rendering","timestamp":1556166435508}
{"level":"WARNING","message":"rendering 0 WebGL: INVALID_ENUM: getParameter: invalid parameter name","source":"rendering","timestamp":1556166435508}
{"level":"WARNING","message":"rendering 0 WebGL: INVALID_ENUM: getParameter: invalid parameter name","source":"rendering","timestamp":1556166435509}
{"level":"WARNING","message":"rendering 0 WebGL: INVALID_ENUM: getParameter: invalid parameter name","source":"rendering","timestamp":1556166435509}
{"level":"WARNING","message":"rendering 0 WebGL: INVALID_ENUM: getParameter: invalid parameter name","source":"rendering","timestamp":1556166435509}
{"level":"WARNING","message":"rendering 0 WebGL: INVALID_ENUM: getParameter: invalid parameter name","source":"rendering","timestamp":1556166435509}
{"level":"WARNING","message":"rendering 0 WebGL: INVALID_ENUM: getParameter: invalid parameter name","source":"rendering","timestamp":1556166435510}
{"level":"WARNING","message":"rendering 0 WebGL: INVALID_ENUM: getParameter: invalid parameter name","source":"rendering","timestamp":1556166435510}
{"level":"WARNING","message":"rendering 0 WebGL: INVALID_ENUM: getParameter: invalid parameter name","source":"rendering","timestamp":1556166435510}
{"level":"WARNING","message":"rendering 0 WebGL: INVALID_ENUM: getParameter: invalid parameter name","source":"rendering","timestamp":1556166435510}
{"level":"WARNING","message":"rendering 0 WebGL: INVALID_ENUM: getParameter: invalid parameter name","source":"rendering","timestamp":1556166435510}
{"level":"WARNING","message":"rendering 0 WebGL: INVALID_ENUM: getParameter: invalid parameter name","source":"rendering","timestamp":1556166435511}
{"level":"WARNING","message":"rendering 0 WebGL: INVALID_ENUM: getParameter: invalid parameter name","source":"rendering","timestamp":1556166435511}
{"level":"WARNING","message":"rendering 0 WebGL: INVALID_ENUM: getParameter: invalid parameter name","source":"rendering","timestamp":1556166435513}
{"level":"WARNING","message":"rendering 0 WebGL: INVALID_ENUM: getParameter: invalid parameter name","source":"rendering","timestamp":1556166435513}
{"level":"WARNING","message":"rendering 0 WebGL: INVALID_ENUM: getParameter: invalid parameter name","source":"rendering","timestamp":1556166435513}
{"level":"WARNING","message":"rendering 0 WebGL: INVALID_ENUM: getParameter: invalid parameter name","source":"rendering","timestamp":1556166435514}
{"level":"WARNING","message":"rendering 0 WebGL: INVALID_ENUM: getParameter: invalid parameter name","source":"rendering","timestamp":1556166435514}
{"level":"WARNING","message":"rendering 0 WebGL: INVALID_ENUM: getParameter: invalid parameter name","source":"rendering","timestamp":1556166435514}
{"level":"WARNING","message":"rendering 0 WebGL: INVALID_ENUM: getParameter: invalid parameter name","source":"rendering","timestamp":1556166435514}
{"level":"WARNING","message":"rendering 0 WebGL: INVALID_ENUM: getParameter: invalid parameter name","source":"rendering","timestamp":1556166435514}
{"level":"WARNING","message":"rendering 0 WebGL: INVALID_ENUM: getParameter: invalid parameter name","source":"rendering","timestamp":1556166435514}
{"level":"WARNING","message":"rendering 0 WebGL: INVALID_ENUM: getParameter: invalid parameter name","source":"rendering","timestamp":1556166435514}
{"level":"WARNING","message":"rendering 0 WebGL: INVALID_ENUM: getParameter: invalid parameter name","source":"rendering","timestamp":1556166435514}
{"level":"WARNING","message":"rendering 0 WebGL: INVALID_ENUM: getParameter: invalid parameter name","source":"rendering","timestamp":1556166435514}
{"level":"WARNING","message":"rendering 0 WebGL: INVALID_ENUM: getParameter: invalid parameter name","source":"rendering","timestamp":1556166435514}
{"level":"WARNING","message":"rendering 0 WebGL: INVALID_ENUM: getParameter: invalid parameter name","source":"rendering","timestamp":1556166435515}
{"level":"WARNING","message":"rendering 0 WebGL: INVALID_ENUM: getParameter: invalid parameter name","source":"rendering","timestamp":1556166435515}
{"level":"WARNING","message":"rendering 0 WebGL: INVALID_ENUM: getParameter: invalid parameter name","source":"rendering","timestamp":1556166435515}
{"level":"WARNING","message":"rendering 0 WebGL: INVALID_ENUM: getParameter: invalid parameter name","source":"rendering","timestamp":1556166435515}
{"level":"WARNING","message":"rendering 0 WebGL: INVALID_ENUM: getParameter: invalid parameter name","source":"rendering","timestamp":1556166435515}
{"level":"WARNING","message":"rendering 0 WebGL: INVALID_ENUM: getParameter: invalid parameter name","source":"rendering","timestamp":1556166435515}
{"level":"WARNING","message":"rendering 0 WebGL: INVALID_ENUM: getParameter: invalid parameter name","source":"rendering","timestamp":1556166435515}
{"level":"WARNING","message":"rendering 0 WebGL: INVALID_ENUM: getParameter: invalid parameter name","source":"rendering","timestamp":1556166435515}
{"level":"WARNING","message":"rendering 0 WebGL: INVALID_ENUM: getParameter: invalid parameter name","source":"rendering","timestamp":1556166435516}
{"level":"WARNING","message":"rendering 0 WebGL: INVALID_ENUM: getParameter: invalid parameter name","source":"rendering","timestamp":1556166435516}
{"level":"WARNING","message":"rendering 0 WebGL: INVALID_ENUM: getParameter: invalid parameter name","source":"rendering","timestamp":1556166435516}
{"level":"WARNING","message":"rendering 0 WebGL: INVALID_ENUM: getParameter: invalid parameter name","source":"rendering","timestamp":1556166435516}
{"level":"WARNING","message":"rendering 0 WebGL: INVALID_ENUM: getParameter: invalid parameter name","source":"rendering","timestamp":1556166435517}
{"level":"WARNING","message":"rendering 0 WebGL: INVALID_ENUM: getParameter: invalid parameter name","source":"rendering","timestamp":1556166435517}
{"level":"WARNING","message":"rendering 0 WebGL: INVALID_ENUM: getParameter: invalid parameter name","source":"rendering","timestamp":1556166435517}
{"level":"WARNING","message":"rendering 0 WebGL: INVALID_ENUM: getParameter: invalid parameter name","source":"rendering","timestamp":1556166435517}
{"level":"WARNING","message":"rendering 0 WebGL: INVALID_ENUM: getParameter: invalid parameter name","source":"rendering","timestamp":1556166435518}
{"level":"WARNING","message":"rendering 0 WebGL: INVALID_ENUM: getParameter: invalid parameter name","source":"rendering","timestamp":1556166435518}
{"level":"WARNING","message":"rendering 0 WebGL: INVALID_ENUM: getParameter: invalid parameter name","source":"rendering","timestamp":1556166435518}
{"level":"WARNING","message":"rendering 0 WebGL: INVALID_ENUM: getParameter: invalid parameter name","source":"rendering","timestamp":1556166435518}
{"level":"WARNING","message":"rendering 0 WebGL: INVALID_ENUM: getParameter: invalid parameter name","source":"rendering","timestamp":1556166435518}
{"level":"WARNING","message":"rendering 0 WebGL: INVALID_ENUM: getParameter: invalid parameter name","source":"rendering","timestamp":1556166435519}
{"level":"WARNING","message":"rendering 0 WebGL: INVALID_ENUM: getParameter: invalid parameter name","source":"rendering","timestamp":1556166435519}
{"level":"WARNING","message":"rendering 0 WebGL: INVALID_ENUM: getParameter: invalid parameter name","source":"rendering","timestamp":1556166435519}
{"level":"WARNING","message":"rendering 0 WebGL: INVALID_ENUM: getParameter: invalid parameter name","source":"rendering","timestamp":1556166435521}
{"level":"WARNING","message":"rendering 0 WebGL: INVALID_ENUM: getParameter: invalid parameter name","source":"rendering","timestamp":1556166435521}
{"level":"WARNING","message":"rendering 0 WebGL: INVALID_ENUM: getParameter: invalid parameter name","source":"rendering","timestamp":1556166435522}
{"level":"WARNING","message":"rendering 0 WebGL: INVALID_ENUM: getParameter: invalid parameter name","source":"rendering","timestamp":1556166435522}
{"level":"WARNING","message":"rendering 0 WebGL: INVALID_ENUM: getParameter: invalid parameter name","source":"rendering","timestamp":1556166435522}
{"level":"WARNING","message":"rendering 0 WebGL: INVALID_ENUM: getParameter: invalid parameter name","source":"rendering","timestamp":1556166435523}
{"level":"WARNING","message":"rendering 0 WebGL: INVALID_ENUM: getParameter: invalid parameter name","source":"rendering","timestamp":1556166435523}
{"level":"WARNING","message":"rendering 0 WebGL: INVALID_ENUM: getParameter: invalid parameter name","source":"rendering","timestamp":1556166435528}
{"level":"WARNING","message":"rendering 0 WebGL: INVALID_ENUM: getParameter: invalid parameter name","source":"rendering","timestamp":1556166435528}
{"level":"WARNING","message":"rendering 0 WebGL: INVALID_ENUM: getParameter: invalid parameter name","source":"rendering","timestamp":1556166435529}
{"level":"WARNING","message":"rendering 0 WebGL: INVALID_ENUM: getParameter: invalid parameter name","source":"rendering","timestamp":1556166435529}
{"level":"WARNING","message":"rendering 0 WebGL: INVALID_ENUM: getParameter: invalid parameter name","source":"rendering","timestamp":1556166435529}
{"level":"WARNING","message":"rendering 0 WebGL: INVALID_ENUM: getParameter: invalid parameter name","source":"rendering","timestamp":1556166435529}
{"level":"WARNING","message":"rendering 0 WebGL: INVALID_ENUM: getParameter: invalid parameter name","source":"rendering","timestamp":1556166435530}
{"level":"WARNING","message":"rendering 0 WebGL: INVALID_ENUM: getParameter: invalid parameter name","source":"rendering","timestamp":1556166435530}
{"level":"WARNING","message":"rendering 0 WebGL: INVALID_ENUM: getParameter: invalid parameter name","source":"rendering","timestamp":1556166435530}
{"level":"WARNING","message":"rendering 0 WebGL: INVALID_ENUM: getParameter: invalid parameter name","source":"rendering","timestamp":1556166435530}
{"level":"WARNING","message":"rendering 0 WebGL: INVALID_ENUM: getParameter: invalid parameter name","source":"rendering","timestamp":1556166435530}
{"level":"WARNING","message":"rendering 0 WebGL: INVALID_ENUM: getParameter: invalid parameter name","source":"rendering","timestamp":1556166435530}
{"level":"WARNING","message":"rendering 0 WebGL: INVALID_ENUM: getParameter: invalid parameter name","source":"rendering","timestamp":1556166435531}
{"level":"WARNING","message":"rendering 0 WebGL: INVALID_ENUM: getParameter: invalid parameter name","source":"rendering","timestamp":1556166435531}
{"level":"WARNING","message":"rendering 0 WebGL: INVALID_ENUM: getParameter: invalid parameter name","source":"rendering","timestamp":1556166435531}
{"level":"WARNING","message":"rendering 0 WebGL: INVALID_ENUM: getParameter: invalid parameter name","source":"rendering","timestamp":1556166435531}
{"level":"WARNING","message":"rendering 0 WebGL: INVALID_ENUM: getParameter: invalid parameter name","source":"rendering","timestamp":1556166435532}
{"level":"WARNING","message":"rendering 0 WebGL: INVALID_ENUM: getParameter: invalid parameter name","source":"rendering","timestamp":1556166435532}
{"level":"WARNING","message":"rendering 0 WebGL: INVALID_ENUM: getParameter: invalid parameter name","source":"rendering","timestamp":1556166435532}
{"level":"WARNING","message":"rendering 0 WebGL: INVALID_ENUM: getParameter: invalid parameter name","source":"rendering","timestamp":1556166435533}
{"level":"WARNING","message":"rendering 0 WebGL: INVALID_ENUM: getParameter: invalid parameter name","source":"rendering","timestamp":1556166435533}
{"level":"WARNING","message":"rendering 0 WebGL: INVALID_ENUM: getParameter: invalid parameter name","source":"rendering","timestamp":1556166435533}
{"level":"WARNING","message":"rendering 0 WebGL: INVALID_ENUM: getParameter: invalid parameter name","source":"rendering","timestamp":1556166435533}
{"level":"WARNING","message":"rendering 0 WebGL: INVALID_ENUM: getParameter: invalid parameter name","source":"rendering","timestamp":1556166435533}
{"level":"WARNING","message":"rendering 0 WebGL: INVALID_ENUM: getParameter: invalid parameter name","source":"rendering","timestamp":1556166435534}
{"level":"WARNING","message":"rendering 0 WebGL: INVALID_ENUM: getParameter: invalid parameter name","source":"rendering","timestamp":1556166435534}
{"level":"WARNING","message":"rendering 0 WebGL: INVALID_ENUM: getParameter: invalid parameter name","source":"rendering","timestamp":1556166435534}
{"level":"WARNING","message":"rendering 0 WebGL: INVALID_ENUM: getParameter: invalid parameter name","source":"rendering","timestamp":1556166435534}
{"level":"WARNING","message":"rendering 0 WebGL: INVALID_ENUM: getParameter: invalid parameter name","source":"rendering","timestamp":1556166435535}
{"level":"WARNING","message":"rendering 0 WebGL: INVALID_ENUM: getParameter: invalid parameter name","source":"rendering","timestamp":1556166435535}
{"level":"WARNING","message":"rendering 0 WebGL: INVALID_ENUM: getParameter: invalid parameter name","source":"rendering","timestamp":1556166435535}
{"level":"WARNING","message":"rendering 0 WebGL: INVALID_ENUM: getParameter: invalid parameter name","source":"rendering","timestamp":1556166435536}
{"level":"WARNING","message":"rendering 0 WebGL: INVALID_ENUM: getParameter: invalid parameter name","source":"rendering","timestamp":1556166435536}
{"level":"WARNING","message":"rendering 0 WebGL: INVALID_ENUM: getParameter: invalid parameter name","source":"rendering","timestamp":1556166435536}
{"level":"WARNING","message":"rendering 0 WebGL: INVALID_ENUM: getParameter: invalid parameter name","source":"rendering","timestamp":1556166435536}
{"level":"WARNING","message":"rendering 0 WebGL: INVALID_ENUM: getParameter: invalid parameter name","source":"rendering","timestamp":1556166435536}
{"level":"WARNING","message":"rendering 0 WebGL: INVALID_ENUM: getParameter: invalid parameter name","source":"rendering","timestamp":1556166435536}
{"level":"WARNING","message":"rendering 0 WebGL: INVALID_ENUM: getParameter: invalid parameter name","source":"rendering","timestamp":1556166435537}
{"level":"WARNING","message":"rendering 0 WebGL: INVALID_ENUM: getParameter: invalid parameter name","source":"rendering","timestamp":1556166435537}
{"level":"WARNING","message":"rendering 0 WebGL: INVALID_ENUM: getParameter: invalid parameter name","source":"rendering","timestamp":1556166435537}
{"level":"WARNING","message":"rendering 0 WebGL: INVALID_ENUM: getParameter: invalid parameter name","source":"rendering","timestamp":1556166435537}
{"level":"WARNING","message":"rendering 0 WebGL: INVALID_ENUM: getParameter: invalid parameter name","source":"rendering","timestamp":1556166435537}
{"level":"WARNING","message":"rendering 0 WebGL: INVALID_ENUM: getParameter: invalid parameter name","source":"rendering","timestamp":1556166435538}
{"level":"WARNING","message":"rendering 0 WebGL: INVALID_ENUM: getParameter: invalid parameter name","source":"rendering","timestamp":1556166435538}
{"level":"WARNING","message":"rendering 0 WebGL: INVALID_ENUM: getParameter: invalid parameter name","source":"rendering","timestamp":1556166435538}
{"level":"WARNING","message":"rendering 0 WebGL: INVALID_ENUM: getParameter: invalid parameter name","source":"rendering","timestamp":1556166435539}
{"level":"WARNING","message":"rendering 0 WebGL: INVALID_ENUM: getParameter: invalid parameter name","source":"rendering","timestamp":1556166435539}
{"level":"WARNING","message":"rendering 0 WebGL: INVALID_ENUM: getParameter: invalid parameter name","source":"rendering","timestamp":1556166435539}
{"level":"WARNING","message":"rendering 0 WebGL: INVALID_ENUM: getParameter: invalid parameter name","source":"rendering","timestamp":1556166435539}
{"level":"WARNING","message":"rendering 0 WebGL: INVALID_ENUM: getParameter: invalid parameter name","source":"rendering","timestamp":1556166435539}
{"level":"WARNING","message":"rendering 0 WebGL: INVALID_ENUM: getParameter: invalid parameter name","source":"rendering","timestamp":1556166435540}
{"level":"WARNING","message":"rendering 0 WebGL: INVALID_ENUM: getParameter: invalid parameter name","source":"rendering","timestamp":1556166435540}
{"level":"WARNING","message":"rendering 0 WebGL: INVALID_ENUM: getParameter: invalid parameter name","source":"rendering","timestamp":1556166435540}
{"level":"WARNING","message":"rendering 0 WebGL: INVALID_ENUM: getParameter: invalid parameter name","source":"rendering","timestamp":1556166435540}
{"level":"WARNING","message":"rendering 0 WebGL: INVALID_ENUM: getParameter: invalid parameter name","source":"rendering","timestamp":1556166435541}
{"level":"WARNING","message":"rendering 0 WebGL: INVALID_ENUM: getParameter: invalid parameter name","source":"rendering","timestamp":1556166435541}
{"level":"WARNING","message":"rendering 0 WebGL: INVALID_ENUM: getParameter: invalid parameter name","source":"rendering","timestamp":1556166435541}
{"level":"WARNING","message":"rendering 0 WebGL: INVALID_ENUM: getParameter: invalid parameter name","source":"rendering","timestamp":1556166435541}
{"level":"WARNING","message":"rendering 0 WebGL: INVALID_ENUM: getParameter: invalid parameter name","source":"rendering","timestamp":1556166435541}
{"level":"WARNING","message":"rendering 0 WebGL: INVALID_ENUM: getParameter: invalid parameter name","source":"rendering","timestamp":1556166435541}
{"level":"WARNING","message":"rendering 0 WebGL: INVALID_ENUM: getParameter: invalid parameter name","source":"rendering","timestamp":1556166435542}
{"level":"WARNING","message":"rendering 0 WebGL: INVALID_ENUM: getParameter: invalid parameter name","source":"rendering","timestamp":1556166435542}
{"level":"WARNING","message":"rendering 0 WebGL: INVALID_ENUM: getParameter: invalid parameter name","source":"rendering","timestamp":1556166435542}
{"level":"WARNING","message":"rendering 0 WebGL: INVALID_ENUM: getParameter: invalid parameter name","source":"rendering","timestamp":1556166435542}
{"level":"WARNING","message":"rendering 0 WebGL: INVALID_ENUM: getParameter: invalid parameter name","source":"rendering","timestamp":1556166435542}
{"level":"WARNING","message":"rendering 0 WebGL: INVALID_ENUM: getParameter: invalid parameter name","source":"rendering","timestamp":1556166435543}
{"level":"WARNING","message":"rendering 0 WebGL: INVALID_ENUM: getParameter: invalid parameter name","source":"rendering","timestamp":1556166435543}
{"level":"WARNING","message":"rendering 0 WebGL: INVALID_ENUM: getParameter: invalid parameter name","source":"rendering","timestamp":1556166435543}
{"level":"WARNING","message":"rendering 0 WebGL: INVALID_ENUM: getParameter: invalid parameter name","source":"rendering","timestamp":1556166435543}
{"level":"WARNING","message":"rendering 0 WebGL: INVALID_ENUM: getParameter: invalid parameter name","source":"rendering","timestamp":1556166435543}
{"level":"WARNING","message":"rendering 0 WebGL: INVALID_ENUM: getParameter: invalid parameter name","source":"rendering","timestamp":1556166435544}
{"level":"WARNING","message":"rendering 0 WebGL: INVALID_ENUM: getParameter: invalid parameter name","source":"rendering","timestamp":1556166435544}
{"level":"WARNING","message":"rendering 0 WebGL: INVALID_ENUM: getParameter: invalid parameter name","source":"rendering","timestamp":1556166435544}
{"level":"WARNING","message":"rendering 0 WebGL: INVALID_ENUM: getParameter: invalid parameter name","source":"rendering","timestamp":1556166435544}
{"level":"WARNING","message":"rendering 0 WebGL: INVALID_ENUM: getParameter: invalid parameter name","source":"rendering","timestamp":1556166435544}
{"level":"WARNING","message":"rendering 0 WebGL: INVALID_ENUM: getParameter: invalid parameter name","source":"rendering","timestamp":1556166435545}
{"level":"WARNING","message":"rendering 0 WebGL: INVALID_ENUM: getParameter: invalid parameter name","source":"rendering","timestamp":1556166435545}
{"level":"WARNING","message":"rendering 0 WebGL: INVALID_ENUM: getParameter: invalid parameter name","source":"rendering","timestamp":1556166435545}
{"level":"WARNING","message":"rendering 0 WebGL: INVALID_ENUM: getParameter: invalid parameter name","source":"rendering","timestamp":1556166435545}
{"level":"WARNING","message":"rendering 0 WebGL: INVALID_ENUM: getParameter: invalid parameter name","source":"rendering","timestamp":1556166435546}
{"level":"WARNING","message":"rendering 0 WebGL: INVALID_ENUM: getParameter: invalid parameter name","source":"rendering","timestamp":1556166435546}
{"level":"WARNING","message":"rendering 0 WebGL: INVALID_ENUM: getParameter: invalid parameter name","source":"rendering","timestamp":1556166435546}
{"level":"WARNING","message":"rendering 0 WebGL: INVALID_ENUM: getParameter: invalid parameter name","source":"rendering","timestamp":1556166435546}
{"level":"WARNING","message":"rendering 0 WebGL: INVALID_ENUM: getParameter: invalid parameter name","source":"rendering","timestamp":1556166435546}
{"level":"WARNING","message":"rendering 0 WebGL: INVALID_ENUM: getParameter: invalid parameter name","source":"rendering","timestamp":1556166435547}
{"level":"WARNING","message":"rendering 0 WebGL: INVALID_ENUM: getParameter: invalid parameter name","source":"rendering","timestamp":1556166435547}
{"level":"WARNING","message":"rendering 0 WebGL: INVALID_ENUM: getParameter: invalid parameter name","source":"rendering","timestamp":1556166435547}
{"level":"WARNING","message":"rendering 0 WebGL: INVALID_ENUM: getParameter: invalid parameter name","source":"rendering","timestamp":1556166435547}
{"level":"WARNING","message":"rendering 0 WebGL: INVALID_ENUM: getParameter: invalid parameter name","source":"rendering","timestamp":1556166435547}
{"level":"WARNING","message":"rendering 0 WebGL: INVALID_ENUM: getParameter: invalid parameter name","source":"rendering","timestamp":1556166435548}
{"level":"WARNING","message":"rendering 0 WebGL: INVALID_ENUM: getParameter: invalid parameter name","source":"rendering","timestamp":1556166435548}
{"level":"WARNING","message":"rendering 0 WebGL: INVALID_ENUM: getParameter: invalid parameter name","source":"rendering","timestamp":1556166435548}
{"level":"WARNING","message":"rendering 0 WebGL: INVALID_ENUM: getParameter: invalid parameter name","source":"rendering","timestamp":1556166435548}
{"level":"WARNING","message":"rendering 0 WebGL: INVALID_ENUM: getParameter: invalid parameter name","source":"rendering","timestamp":1556166435548}
{"level":"WARNING","message":"rendering 0 WebGL: INVALID_ENUM: getParameter: invalid parameter name","source":"rendering","timestamp":1556166435549}
{"level":"WARNING","message":"rendering 0 WebGL: INVALID_ENUM: getParameter: invalid parameter name","source":"rendering","timestamp":1556166435549}
{"level":"WARNING","message":"rendering 0 WebGL: INVALID_ENUM: getParameter: invalid parameter name","source":"rendering","timestamp":1556166435549}
{"level":"WARNING","message":"rendering 0 WebGL: INVALID_ENUM: getParameter: invalid parameter name","source":"rendering","timestamp":1556166435549}
{"level":"WARNING","message":"rendering 0 WebGL: INVALID_ENUM: getParameter: invalid parameter name","source":"rendering","timestamp":1556166435549}
{"level":"WARNING","message":"rendering 0 WebGL: INVALID_ENUM: getParameter: invalid parameter name","source":"rendering","timestamp":1556166435550}
{"level":"WARNING","message":"rendering 0 WebGL: INVALID_ENUM: getParameter: invalid parameter name","source":"rendering","timestamp":1556166435550}
{"level":"WARNING","message":"rendering 0 WebGL: INVALID_ENUM: getParameter: invalid parameter name","source":"rendering","timestamp":1556166435550}
{"level":"WARNING","message":"rendering 0 WebGL: INVALID_ENUM: getParameter: invalid parameter name","source":"rendering","timestamp":1556166435551}
{"level":"WARNING","message":"rendering 0 WebGL: INVALID_ENUM: getParameter: invalid parameter name","source":"rendering","timestamp":1556166435551}
{"level":"WARNING","message":"rendering 0 WebGL: INVALID_ENUM: getParameter: invalid parameter name","source":"rendering","timestamp":1556166435551}
{"level":"WARNING","message":"rendering 0 WebGL: INVALID_ENUM: getParameter: invalid parameter name","source":"rendering","timestamp":1556166435551}
{"level":"WARNING","message":"rendering 0 WebGL: INVALID_ENUM: getParameter: invalid parameter name","source":"rendering","timestamp":1556166435551}
{"level":"WARNING","message":"rendering 0 WebGL: INVALID_ENUM: getParameter: invalid parameter name","source":"rendering","timestamp":1556166435552}
{"level":"WARNING","message":"rendering 0 WebGL: INVALID_ENUM: getParameter: invalid parameter name","source":"rendering","timestamp":1556166435552}
{"level":"WARNING","message":"rendering 0 WebGL: INVALID_ENUM: getParameter: invalid parameter name","source":"rendering","timestamp":1556166435552}
{"level":"WARNING","message":"rendering 0 WebGL: INVALID_ENUM: getParameter: invalid parameter name","source":"rendering","timestamp":1556166435552}
{"level":"WARNING","message":"rendering 0 WebGL: INVALID_ENUM: getParameter: invalid parameter name","source":"rendering","timestamp":1556166435552}
{"level":"WARNING","message":"rendering 0 WebGL: INVALID_ENUM: getParameter: invalid parameter name","source":"rendering","timestamp":1556166435553}
{"level":"WARNING","message":"rendering 0 WebGL: INVALID_ENUM: getParameter: invalid parameter name","source":"rendering","timestamp":1556166435553}
{"level":"WARNING","message":"rendering 0 WebGL: INVALID_ENUM: getParameter: invalid parameter name","source":"rendering","timestamp":1556166435553}
{"level":"WARNING","message":"rendering 0 WebGL: INVALID_ENUM: getParameter: invalid parameter name","source":"rendering","timestamp":1556166435553}
{"level":"WARNING","message":"rendering 0 WebGL: INVALID_ENUM: getParameter: invalid parameter name","source":"rendering","timestamp":1556166435553}
{"level":"WARNING","message":"rendering 0 WebGL: INVALID_ENUM: getParameter: invalid parameter name","source":"rendering","timestamp":1556166435554}
{"level":"WARNING","message":"rendering 0 WebGL: INVALID_ENUM: getParameter: invalid parameter name","source":"rendering","timestamp":1556166435554}
{"level":"WARNING","message":"rendering 0 WebGL: INVALID_ENUM: getParameter: invalid parameter name","source":"rendering","timestamp":1556166435554}
{"level":"WARNING","message":"rendering 0 WebGL: INVALID_ENUM: getParameter: invalid parameter name","source":"rendering","timestamp":1556166435555}
{"level":"WARNING","message":"rendering 0 WebGL: INVALID_ENUM: getParameter: invalid parameter name","source":"rendering","timestamp":1556166435555}
{"level":"WARNING","message":"rendering 0 WebGL: INVALID_ENUM: getParameter: invalid parameter name","source":"rendering","timestamp":1556166435555}
{"level":"WARNING","message":"rendering 0 WebGL: INVALID_ENUM: getParameter: invalid parameter name","source":"rendering","timestamp":1556166435555}
{"level":"WARNING","message":"rendering 0 WebGL: INVALID_ENUM: getParameter: invalid parameter name","source":"rendering","timestamp":1556166435556}
{"level":"WARNING","message":"rendering 0 WebGL: INVALID_ENUM: getParameter: invalid parameter name","source":"rendering","timestamp":1556166435556}
{"level":"WARNING","message":"rendering 0 WebGL: INVALID_ENUM: getParameter: invalid parameter name","source":"rendering","timestamp":1556166435556}
{"level":"WARNING","message":"rendering 0 WebGL: INVALID_ENUM: getParameter: invalid parameter name","source":"rendering","timestamp":1556166435556}
{"level":"WARNING","message":"rendering 0 WebGL: INVALID_ENUM: getParameter: invalid parameter name","source":"rendering","timestamp":1556166435556}
{"level":"WARNING","message":"rendering 0 WebGL: INVALID_ENUM: getParameter: invalid parameter name","source":"rendering","timestamp":1556166435557}
{"level":"WARNING","message":"rendering 0 WebGL: INVALID_ENUM: getParameter: invalid parameter name","source":"rendering","timestamp":1556166435557}
{"level":"WARNING","message":"rendering 0 WebGL: INVALID_ENUM: getParameter: invalid parameter name","source":"rendering","timestamp":1556166435557}
{"level":"WARNING","message":"rendering 0 WebGL: INVALID_ENUM: getParameter: invalid parameter name","source":"rendering","timestamp":1556166435557}
{"level":"WARNING","message":"rendering 0 WebGL: INVALID_ENUM: getParameter: invalid parameter name","source":"rendering","timestamp":1556166435557}
{"level":"WARNING","message":"rendering 0 WebGL: INVALID_ENUM: getParameter: invalid parameter name","source":"rendering","timestamp":1556166435557}
{"level":"WARNING","message":"rendering 0 WebGL: INVALID_ENUM: getParameter: invalid parameter name","source":"rendering","timestamp":1556166435558}
{"level":"WARNING","message":"rendering 0 WebGL: INVALID_ENUM: getParameter: invalid parameter name","source":"rendering","timestamp":1556166435558}
{"level":"WARNING","message":"rendering 0 WebGL: INVALID_ENUM: getParameter: invalid parameter name","source":"rendering","timestamp":1556166435558}
{"level":"WARNING","message":"rendering 0 WebGL: INVALID_ENUM: getParameter: invalid parameter name","source":"rendering","timestamp":1556166435558}
{"level":"WARNING","message":"rendering 0 WebGL: INVALID_ENUM: getParameter: invalid parameter name","source":"rendering","timestamp":1556166435558}
{"level":"WARNING","message":"rendering 0 WebGL: INVALID_ENUM: getParameter: invalid parameter name","source":"rendering","timestamp":1556166435559}
{"level":"WARNING","message":"rendering 0 WebGL: INVALID_ENUM: getParameter: invalid parameter name","source":"rendering","timestamp":1556166435559}
{"level":"WARNING","message":"rendering 0 WebGL: INVALID_ENUM: getParameter: invalid parameter name","source":"rendering","timestamp":1556166435559}
{"level":"WARNING","message":"rendering 0 WebGL: INVALID_ENUM: getParameter: invalid parameter name","source":"rendering","timestamp":1556166435559}
{"level":"WARNING","message":"rendering 0 WebGL: INVALID_ENUM: getParameter: invalid parameter name","source":"rendering","timestamp":1556166435559}
{"level":"WARNING","message":"rendering 0 WebGL: INVALID_ENUM: getParameter: invalid parameter name","source":"rendering","timestamp":1556166435560}
{"level":"WARNING","message":"rendering 0 WebGL: INVALID_ENUM: getParameter: invalid parameter name","source":"rendering","timestamp":1556166435560}
{"level":"WARNING","message":"rendering 0 WebGL: INVALID_ENUM: getParameter: invalid parameter name","source":"rendering","timestamp":1556166435560}
{"level":"WARNING","message":"rendering 0 WebGL: INVALID_ENUM: getParameter: invalid parameter name","source":"rendering","timestamp":1556166435560}
{"level":"WARNING","message":"rendering 0 WebGL: INVALID_ENUM: getParameter: invalid parameter name","source":"rendering","timestamp":1556166435560}
{"level":"WARNING","message":"rendering 0 WebGL: INVALID_ENUM: getParameter: invalid parameter name","source":"rendering","timestamp":1556166435561}
{"level":"WARNING","message":"rendering 0 WebGL: INVALID_ENUM: getParameter: invalid parameter name","source":"rendering","timestamp":1556166435561}
{"level":"WARNING","message":"rendering 0 WebGL: INVALID_ENUM: getParameter: invalid parameter name","source":"rendering","timestamp":1556166435561}
{"level":"WARNING","message":"rendering 0 WebGL: INVALID_ENUM: getParameter: invalid parameter name","source":"rendering","timestamp":1556166435561}
{"level":"WARNING","message":"rendering 0 WebGL: INVALID_ENUM: getParameter: invalid parameter name","source":"rendering","timestamp":1556166435562}
{"level":"WARNING","message":"rendering 0 WebGL: INVALID_ENUM: getParameter: invalid parameter name","source":"rendering","timestamp":1556166435562}
{"level":"WARNING","message":"rendering 0 WebGL: too many errors, no more errors will be reported to the console for this context.","source":"rendering","timestamp":1556166435562}
{"level":"WARNING","message":"rendering 0 WebGL: INVALID_ENUM: getParameter: invalid parameter name","source":"rendering","timestamp":1556166436114}
{"level":"WARNING","message":"rendering 0 WebGL: INVALID_ENUM: getParameter: invalid parameter name","source":"rendering","timestamp":1556166436115}
{"level":"WARNING","message":"rendering 0 WebGL: INVALID_ENUM: getParameter: invalid parameter name","source":"rendering","timestamp":1556166436115}
{"level":"WARNING","message":"rendering 0 WebGL: INVALID_ENUM: getParameter: invalid parameter name","source":"rendering","timestamp":1556166436115}
{"level":"WARNING","message":"rendering 0 WebGL: INVALID_ENUM: getParameter: invalid parameter name","source":"rendering","timestamp":1556166436115}
{"level":"WARNING","message":"rendering 0 WebGL: INVALID_ENUM: getParameter: invalid parameter name","source":"rendering","timestamp":1556166436116}
{"level":"WARNING","message":"rendering 0 WebGL: INVALID_ENUM: getParameter: invalid parameter name","source":"rendering","timestamp":1556166436116}
{"level":"WARNING","message":"rendering 0 WebGL: INVALID_ENUM: getParameter: invalid parameter name","source":"rendering","timestamp":1556166436116}
{"level":"WARNING","message":"rendering 0 WebGL: INVALID_ENUM: getParameter: invalid parameter name","source":"rendering","timestamp":1556166436119}
{"level":"WARNING","message":"rendering 0 WebGL: INVALID_ENUM: getParameter: invalid parameter name","source":"rendering","timestamp":1556166436119}
{"level":"WARNING","message":"rendering 0 WebGL: INVALID_ENUM: getParameter: invalid parameter name","source":"rendering","timestamp":1556166436119}
{"level":"WARNING","message":"rendering 0 WebGL: INVALID_ENUM: getParameter: invalid parameter name","source":"rendering","timestamp":1556166436120}
{"level":"WARNING","message":"rendering 0 WebGL: INVALID_ENUM: getParameter: invalid parameter name","source":"rendering","timestamp":1556166436120}
{"level":"WARNING","message":"rendering 0 WebGL: INVALID_ENUM: getParameter: invalid parameter name","source":"rendering","timestamp":1556166436120}
{"level":"WARNING","message":"rendering 0 WebGL: INVALID_ENUM: getParameter: invalid parameter name","source":"rendering","timestamp":1556166436125}
{"level":"WARNING","message":"rendering 0 WebGL: INVALID_ENUM: getParameter: invalid parameter name","source":"rendering","timestamp":1556166436126}
{"level":"WARNING","message":"rendering 0 WebGL: INVALID_ENUM: getParameter: invalid parameter name","source":"rendering","timestamp":1556166436127}
{"level":"WARNING","message":"rendering 0 WebGL: INVALID_ENUM: getParameter: invalid parameter name","source":"rendering","timestamp":1556166436127}
{"level":"WARNING","message":"rendering 0 WebGL: INVALID_ENUM: getParameter: invalid parameter name","source":"rendering","timestamp":1556166436127}
{"level":"WARNING","message":"rendering 0 WebGL: INVALID_ENUM: getParameter: invalid parameter name","source":"rendering","timestamp":1556166436127}
{"level":"WARNING","message":"rendering 0 WebGL: INVALID_ENUM: getParameter: invalid parameter name","source":"rendering","timestamp":1556166436127}
{"level":"WARNING","message":"rendering 0 WebGL: INVALID_ENUM: getParameter: invalid parameter name","source":"rendering","timestamp":1556166436128}
{"level":"WARNING","message":"rendering 0 WebGL: INVALID_ENUM: getParameter: invalid parameter name","source":"rendering","timestamp":1556166436128}
{"level":"WARNING","message":"rendering 0 WebGL: INVALID_ENUM: getParameter: invalid parameter name","source":"rendering","timestamp":1556166436128}
{"level":"WARNING","message":"rendering 0 WebGL: INVALID_ENUM: getParameter: invalid parameter name","source":"rendering","timestamp":1556166436128}
{"level":"WARNING","message":"rendering 0 WebGL: INVALID_ENUM: getParameter: invalid parameter name","source":"rendering","timestamp":1556166436128}
{"level":"WARNING","message":"rendering 0 WebGL: INVALID_ENUM: getParameter: invalid parameter name","source":"rendering","timestamp":1556166436129}
{"level":"WARNING","message":"rendering 0 WebGL: INVALID_ENUM: getParameter: invalid parameter name","source":"rendering","timestamp":1556166436129}
{"level":"WARNING","message":"rendering 0 WebGL: INVALID_ENUM: getParameter: invalid parameter name","source":"rendering","timestamp":1556166436130}
{"level":"WARNING","message":"rendering 0 WebGL: INVALID_ENUM: getParameter: invalid parameter name","source":"rendering","timestamp":1556166436131}
{"level":"WARNING","message":"rendering 0 WebGL: INVALID_ENUM: getParameter: invalid parameter name","source":"rendering","timestamp":1556166436131}
{"level":"WARNING","message":"rendering 0 WebGL: INVALID_ENUM: getParameter: invalid parameter name","source":"rendering","timestamp":1556166436132}
{"level":"WARNING","message":"rendering 0 WebGL: INVALID_ENUM: getParameter: invalid parameter name","source":"rendering","timestamp":1556166436132}
{"level":"WARNING","message":"rendering 0 WebGL: INVALID_ENUM: getParameter: invalid parameter name","source":"rendering","timestamp":1556166436132}
{"level":"WARNING","message":"rendering 0 WebGL: INVALID_ENUM: getParameter: invalid parameter name","source":"rendering","timestamp":1556166436132}
{"level":"WARNING","message":"rendering 0 WebGL: INVALID_ENUM: getParameter: invalid parameter name","source":"rendering","timestamp":1556166436132}
{"level":"WARNING","message":"rendering 0 WebGL: INVALID_ENUM: getParameter: invalid parameter name","source":"rendering","timestamp":1556166436133}
{"level":"WARNING","message":"rendering 0 WebGL: INVALID_ENUM: getParameter: invalid parameter name","source":"rendering","timestamp":1556166436133}
{"level":"WARNING","message":"rendering 0 WebGL: INVALID_ENUM: getParameter: invalid parameter name","source":"rendering","timestamp":1556166436133}
{"level":"WARNING","message":"rendering 0 WebGL: INVALID_ENUM: getParameter: invalid parameter name","source":"rendering","timestamp":1556166436133}
{"level":"WARNING","message":"rendering 0 WebGL: INVALID_ENUM: getParameter: invalid parameter name","source":"rendering","timestamp":1556166436133}
{"level":"WARNING","message":"rendering 0 WebGL: INVALID_ENUM: getParameter: invalid parameter name","source":"rendering","timestamp":1556166436134}
{"level":"WARNING","message":"rendering 0 WebGL: INVALID_ENUM: getParameter: invalid parameter name","source":"rendering","timestamp":1556166436134}
{"level":"WARNING","message":"rendering 0 WebGL: INVALID_ENUM: getParameter: invalid parameter name","source":"rendering","timestamp":1556166436134}
{"level":"WARNING","message":"rendering 0 WebGL: INVALID_ENUM: getParameter: invalid parameter name","source":"rendering","timestamp":1556166436134}
{"level":"WARNING","message":"rendering 0 WebGL: INVALID_ENUM: getParameter: invalid parameter name","source":"rendering","timestamp":1556166436134}
{"level":"WARNING","message":"rendering 0 WebGL: INVALID_ENUM: getParameter: invalid parameter name","source":"rendering","timestamp":1556166436135}
{"level":"WARNING","message":"rendering 0 WebGL: INVALID_ENUM: getParameter: invalid parameter name","source":"rendering","timestamp":1556166436135}
{"level":"WARNING","message":"rendering 0 WebGL: INVALID_ENUM: getParameter: invalid parameter name","source":"rendering","timestamp":1556166436135}
{"level":"WARNING","message":"rendering 0 WebGL: INVALID_ENUM: getParameter: invalid parameter name","source":"rendering","timestamp":1556166436135}
{"level":"WARNING","message":"rendering 0 WebGL: INVALID_ENUM: getParameter: invalid parameter name","source":"rendering","timestamp":1556166436135}
{"level":"WARNING","message":"rendering 0 WebGL: INVALID_ENUM: getParameter: invalid parameter name","source":"rendering","timestamp":1556166436136}
{"level":"WARNING","message":"rendering 0 WebGL: INVALID_ENUM: getParameter: invalid parameter name","source":"rendering","timestamp":1556166436136}
{"level":"WARNING","message":"rendering 0 WebGL: INVALID_ENUM: getParameter: invalid parameter name","source":"rendering","timestamp":1556166436136}
{"level":"WARNING","message":"rendering 0 WebGL: INVALID_ENUM: getParameter: invalid parameter name","source":"rendering","timestamp":1556166436136}
{"level":"WARNING","message":"rendering 0 WebGL: INVALID_ENUM: getParameter: invalid parameter name","source":"rendering","timestamp":1556166436136}
{"level":"WARNING","message":"rendering 0 WebGL: INVALID_ENUM: getParameter: invalid parameter name","source":"rendering","timestamp":1556166436137}
{"level":"WARNING","message":"rendering 0 WebGL: INVALID_ENUM: getParameter: invalid parameter name","source":"rendering","timestamp":1556166436137}
{"level":"WARNING","message":"rendering 0 WebGL: INVALID_ENUM: getParameter: invalid parameter name","source":"rendering","timestamp":1556166436137}
{"level":"WARNING","message":"rendering 0 WebGL: INVALID_ENUM: getParameter: invalid parameter name","source":"rendering","timestamp":1556166436137}
{"level":"WARNING","message":"rendering 0 WebGL: INVALID_ENUM: getParameter: invalid parameter name","source":"rendering","timestamp":1556166436137}
{"level":"WARNING","message":"rendering 0 WebGL: INVALID_ENUM: getParameter: invalid parameter name","source":"rendering","timestamp":1556166436138}
{"level":"WARNING","message":"rendering 0 WebGL: INVALID_ENUM: getParameter: invalid parameter name","source":"rendering","timestamp":1556166436138}
{"level":"WARNING","message":"rendering 0 WebGL: INVALID_ENUM: getParameter: invalid parameter name","source":"rendering","timestamp":1556166436138}
{"level":"WARNING","message":"rendering 0 WebGL: INVALID_ENUM: getParameter: invalid parameter name","source":"rendering","timestamp":1556166436138}
{"level":"WARNING","message":"rendering 0 WebGL: INVALID_ENUM: getParameter: invalid parameter name","source":"rendering","timestamp":1556166436138}
{"level":"WARNING","message":"rendering 0 WebGL: INVALID_ENUM: getParameter: invalid parameter name","source":"rendering","timestamp":1556166436139}
{"level":"WARNING","message":"rendering 0 WebGL: INVALID_ENUM: getParameter: invalid parameter name","source":"rendering","timestamp":1556166436139}
{"level":"WARNING","message":"rendering 0 WebGL: INVALID_ENUM: getParameter: invalid parameter name","source":"rendering","timestamp":1556166436139}
{"level":"WARNING","message":"rendering 0 WebGL: INVALID_ENUM: getParameter: invalid parameter name","source":"rendering","timestamp":1556166436139}
{"level":"WARNING","message":"rendering 0 WebGL: INVALID_ENUM: getParameter: invalid parameter name","source":"rendering","timestamp":1556166436139}
{"level":"WARNING","message":"rendering 0 WebGL: INVALID_ENUM: getParameter: invalid parameter name","source":"rendering","timestamp":1556166436140}
{"level":"WARNING","message":"rendering 0 WebGL: INVALID_ENUM: getParameter: invalid parameter name","source":"rendering","timestamp":1556166436140}
{"level":"WARNING","message":"rendering 0 WebGL: INVALID_ENUM: getParameter: invalid parameter name","source":"rendering","timestamp":1556166436140}
{"level":"WARNING","message":"rendering 0 WebGL: INVALID_ENUM: getParameter: invalid parameter name","source":"rendering","timestamp":1556166436140}
{"level":"WARNING","message":"rendering 0 WebGL: INVALID_ENUM: getParameter: invalid parameter name","source":"rendering","timestamp":1556166436141}
{"level":"WARNING","message":"rendering 0 WebGL: INVALID_ENUM: getParameter: invalid parameter name","source":"rendering","timestamp":1556166436141}
{"level":"WARNING","message":"rendering 0 WebGL: INVALID_ENUM: getParameter: invalid parameter name","source":"rendering","timestamp":1556166436142}
{"level":"WARNING","message":"rendering 0 WebGL: INVALID_ENUM: getParameter: invalid parameter name","source":"rendering","timestamp":1556166436142}
{"level":"WARNING","message":"rendering 0 WebGL: INVALID_ENUM: getParameter: invalid parameter name","source":"rendering","timestamp":1556166436143}
{"level":"WARNING","message":"rendering 0 WebGL: INVALID_ENUM: getParameter: invalid parameter name","source":"rendering","timestamp":1556166436143}
{"level":"WARNING","message":"rendering 0 WebGL: INVALID_ENUM: getParameter: invalid parameter name","source":"rendering","timestamp":1556166436143}
{"level":"WARNING","message":"rendering 0 WebGL: INVALID_ENUM: getParameter: invalid parameter name","source":"rendering","timestamp":1556166436143}
{"level":"WARNING","message":"rendering 0 WebGL: INVALID_ENUM: getParameter: invalid parameter name","source":"rendering","timestamp":1556166436144}
{"level":"WARNING","message":"rendering 0 WebGL: INVALID_ENUM: getParameter: invalid parameter name","source":"rendering","timestamp":1556166436144}
{"level":"WARNING","message":"rendering 0 WebGL: INVALID_ENUM: getParameter: invalid parameter name","source":"rendering","timestamp":1556166436144}
{"level":"WARNING","message":"rendering 0 WebGL: INVALID_ENUM: getParameter: invalid parameter name","source":"rendering","timestamp":1556166436144}
{"level":"WARNING","message":"rendering 0 WebGL: INVALID_ENUM: getParameter: invalid parameter name","source":"rendering","timestamp":1556166436144}
{"level":"WARNING","message":"rendering 0 WebGL: INVALID_ENUM: getParameter: invalid parameter name","source":"rendering","timestamp":1556166436145}
{"level":"WARNING","message":"rendering 0 WebGL: INVALID_ENUM: getParameter: invalid parameter name","source":"rendering","timestamp":1556166436145}
{"level":"WARNING","message":"rendering 0 WebGL: INVALID_ENUM: getParameter: invalid parameter name","source":"rendering","timestamp":1556166436145}
{"level":"WARNING","message":"rendering 0 WebGL: INVALID_ENUM: getParameter: invalid parameter name","source":"rendering","timestamp":1556166436145}
{"level":"WARNING","message":"rendering 0 WebGL: INVALID_ENUM: getParameter: invalid parameter name","source":"rendering","timestamp":1556166436145}
{"level":"WARNING","message":"rendering 0 WebGL: INVALID_ENUM: getParameter: invalid parameter name","source":"rendering","timestamp":1556166436147}
{"level":"WARNING","message":"rendering 0 WebGL: INVALID_ENUM: getParameter: invalid parameter name","source":"rendering","timestamp":1556166436147}
{"level":"WARNING","message":"rendering 0 WebGL: INVALID_ENUM: getParameter: invalid parameter name","source":"rendering","timestamp":1556166436148}
{"level":"WARNING","message":"rendering 0 WebGL: INVALID_ENUM: getParameter: invalid parameter name","source":"rendering","timestamp":1556166436148}
{"level":"WARNING","message":"rendering 0 WebGL: INVALID_ENUM: getParameter: invalid parameter name","source":"rendering","timestamp":1556166436148}
{"level":"WARNING","message":"rendering 0 WebGL: INVALID_ENUM: getParameter: invalid parameter name","source":"rendering","timestamp":1556166436148}
{"level":"WARNING","message":"rendering 0 WebGL: INVALID_ENUM: getParameter: invalid parameter name","source":"rendering","timestamp":1556166436148}
{"level":"WARNING","message":"rendering 0 WebGL: INVALID_ENUM: getParameter: invalid parameter name","source":"rendering","timestamp":1556166436154}
{"level":"WARNING","message":"rendering 0 WebGL: INVALID_ENUM: getParameter: invalid parameter name","source":"rendering","timestamp":1556166436154}
{"level":"WARNING","message":"rendering 0 WebGL: INVALID_ENUM: getParameter: invalid parameter name","source":"rendering","timestamp":1556166436154}
{"level":"WARNING","message":"rendering 0 WebGL: INVALID_ENUM: getParameter: invalid parameter name","source":"rendering","timestamp":1556166436155}
{"level":"WARNING","message":"rendering 0 WebGL: INVALID_ENUM: getParameter: invalid parameter name","source":"rendering","timestamp":1556166436155}
{"level":"WARNING","message":"rendering 0 WebGL: INVALID_ENUM: getParameter: invalid parameter name","source":"rendering","timestamp":1556166436155}
{"level":"WARNING","message":"rendering 0 WebGL: INVALID_ENUM: getParameter: invalid parameter name","source":"rendering","timestamp":1556166436155}
{"level":"WARNING","message":"rendering 0 WebGL: INVALID_ENUM: getParameter: invalid parameter name","source":"rendering","timestamp":1556166436155}
{"level":"WARNING","message":"rendering 0 WebGL: INVALID_ENUM: getParameter: invalid parameter name","source":"rendering","timestamp":1556166436156}
{"level":"WARNING","message":"rendering 0 WebGL: INVALID_ENUM: getParameter: invalid parameter name","source":"rendering","timestamp":1556166436156}
{"level":"WARNING","message":"rendering 0 WebGL: INVALID_ENUM: getParameter: invalid parameter name","source":"rendering","timestamp":1556166436156}
{"level":"WARNING","message":"rendering 0 WebGL: INVALID_ENUM: getParameter: invalid parameter name","source":"rendering","timestamp":1556166436156}
{"level":"WARNING","message":"rendering 0 WebGL: INVALID_ENUM: getParameter: invalid parameter name","source":"rendering","timestamp":1556166436156}
{"level":"WARNING","message":"rendering 0 WebGL: INVALID_ENUM: getParameter: invalid parameter name","source":"rendering","timestamp":1556166436156}
{"level":"WARNING","message":"rendering 0 WebGL: INVALID_ENUM: getParameter: invalid parameter name","source":"rendering","timestamp":1556166436157}
{"level":"WARNING","message":"rendering 0 WebGL: INVALID_ENUM: getParameter: invalid parameter name","source":"rendering","timestamp":1556166436157}
{"level":"WARNING","message":"rendering 0 WebGL: INVALID_ENUM: getParameter: invalid parameter name","source":"rendering","timestamp":1556166436157}
{"level":"WARNING","message":"rendering 0 WebGL: INVALID_ENUM: getParameter: invalid parameter name","source":"rendering","timestamp":1556166436157}
{"level":"WARNING","message":"rendering 0 WebGL: INVALID_ENUM: getParameter: invalid parameter name","source":"rendering","timestamp":1556166436157}
{"level":"WARNING","message":"rendering 0 WebGL: INVALID_ENUM: getParameter: invalid parameter name","source":"rendering","timestamp":1556166436158}
{"level":"WARNING","message":"rendering 0 WebGL: INVALID_ENUM: getParameter: invalid parameter name","source":"rendering","timestamp":1556166436158}
{"level":"WARNING","message":"rendering 0 WebGL: INVALID_ENUM: getParameter: invalid parameter name","source":"rendering","timestamp":1556166436158}
{"level":"WARNING","message":"rendering 0 WebGL: INVALID_ENUM: getParameter: invalid parameter name","source":"rendering","timestamp":1556166436158}
{"level":"WARNING","message":"rendering 0 WebGL: INVALID_ENUM: getParameter: invalid parameter name","source":"rendering","timestamp":1556166436158}
{"level":"WARNING","message":"rendering 0 WebGL: INVALID_ENUM: getParameter: invalid parameter name","source":"rendering","timestamp":1556166436158}
{"level":"WARNING","message":"rendering 0 WebGL: INVALID_ENUM: getParameter: invalid parameter name","source":"rendering","timestamp":1556166436159}
{"level":"WARNING","message":"rendering 0 WebGL: INVALID_ENUM: getParameter: invalid parameter name","source":"rendering","timestamp":1556166436159}
{"level":"WARNING","message":"rendering 0 WebGL: INVALID_ENUM: getParameter: invalid parameter name","source":"rendering","timestamp":1556166436159}
{"level":"WARNING","message":"rendering 0 WebGL: INVALID_ENUM: getParameter: invalid parameter name","source":"rendering","timestamp":1556166436159}
{"level":"WARNING","message":"rendering 0 WebGL: INVALID_ENUM: getParameter: invalid parameter name","source":"rendering","timestamp":1556166436160}
{"level":"WARNING","message":"rendering 0 WebGL: INVALID_ENUM: getParameter: invalid parameter name","source":"rendering","timestamp":1556166436160}
{"level":"WARNING","message":"rendering 0 WebGL: INVALID_ENUM: getParameter: invalid parameter name","source":"rendering","timestamp":1556166436160}
{"level":"WARNING","message":"rendering 0 WebGL: INVALID_ENUM: getParameter: invalid parameter name","source":"rendering","timestamp":1556166436160}
{"level":"WARNING","message":"rendering 0 WebGL: INVALID_ENUM: getParameter: invalid parameter name","source":"rendering","timestamp":1556166436160}
{"level":"WARNING","message":"rendering 0 WebGL: INVALID_ENUM: getParameter: invalid parameter name","source":"rendering","timestamp":1556166436161}
{"level":"WARNING","message":"rendering 0 WebGL: INVALID_ENUM: getParameter: invalid parameter name","source":"rendering","timestamp":1556166436161}
{"level":"WARNING","message":"rendering 0 WebGL: INVALID_ENUM: getParameter: invalid parameter name","source":"rendering","timestamp":1556166436161}
{"level":"WARNING","message":"rendering 0 WebGL: INVALID_ENUM: getParameter: invalid parameter name","source":"rendering","timestamp":1556166436161}
{"level":"WARNING","message":"rendering 0 WebGL: INVALID_ENUM: getParameter: invalid parameter name","source":"rendering","timestamp":1556166436161}
{"level":"WARNING","message":"rendering 0 WebGL: INVALID_ENUM: getParameter: invalid parameter name","source":"rendering","timestamp":1556166436161}
{"level":"WARNING","message":"rendering 0 WebGL: INVALID_ENUM: getParameter: invalid parameter name","source":"rendering","timestamp":1556166436162}
{"level":"WARNING","message":"rendering 0 WebGL: INVALID_ENUM: getParameter: invalid parameter name","source":"rendering","timestamp":1556166436162}
{"level":"WARNING","message":"rendering 0 WebGL: INVALID_ENUM: getParameter: invalid parameter name","source":"rendering","timestamp":1556166436162}
{"level":"WARNING","message":"rendering 0 WebGL: INVALID_ENUM: getParameter: invalid parameter name","source":"rendering","timestamp":1556166436162}
{"level":"WARNING","message":"rendering 0 WebGL: INVALID_ENUM: getParameter: invalid parameter name","source":"rendering","timestamp":1556166436163}
{"level":"WARNING","message":"rendering 0 WebGL: INVALID_ENUM: getParameter: invalid parameter name","source":"rendering","timestamp":1556166436163}
{"level":"WARNING","message":"rendering 0 WebGL: INVALID_ENUM: getParameter: invalid parameter name","source":"rendering","timestamp":1556166436163}
{"level":"WARNING","message":"rendering 0 WebGL: INVALID_ENUM: getParameter: invalid parameter name","source":"rendering","timestamp":1556166436163}
{"level":"WARNING","message":"rendering 0 WebGL: INVALID_ENUM: getParameter: invalid parameter name","source":"rendering","timestamp":1556166436163}
{"level":"WARNING","message":"rendering 0 WebGL: INVALID_ENUM: getParameter: invalid parameter name","source":"rendering","timestamp":1556166436164}
{"level":"WARNING","message":"rendering 0 WebGL: INVALID_ENUM: getParameter: invalid parameter name","source":"rendering","timestamp":1556166436164}
{"level":"WARNING","message":"rendering 0 WebGL: INVALID_ENUM: getParameter: invalid parameter name","source":"rendering","timestamp":1556166436164}
{"level":"WARNING","message":"rendering 0 WebGL: INVALID_ENUM: getParameter: invalid parameter name","source":"rendering","timestamp":1556166436164}
{"level":"WARNING","message":"rendering 0 WebGL: INVALID_ENUM: getParameter: invalid parameter name","source":"rendering","timestamp":1556166436164}
{"level":"WARNING","message":"rendering 0 WebGL: INVALID_ENUM: getParameter: invalid parameter name","source":"rendering","timestamp":1556166436164}
{"level":"WARNING","message":"rendering 0 WebGL: INVALID_ENUM: getParameter: invalid parameter name","source":"rendering","timestamp":1556166436165}
{"level":"WARNING","message":"rendering 0 WebGL: INVALID_ENUM: getParameter: invalid parameter name","source":"rendering","timestamp":1556166436165}
{"level":"WARNING","message":"rendering 0 WebGL: INVALID_ENUM: getParameter: invalid parameter name","source":"rendering","timestamp":1556166436165}
{"level":"WARNING","message":"rendering 0 WebGL: INVALID_ENUM: getParameter: invalid parameter name","source":"rendering","timestamp":1556166436165}
{"level":"WARNING","message":"rendering 0 WebGL: INVALID_ENUM: getParameter: invalid parameter name","source":"rendering","timestamp":1556166436165}
{"level":"WARNING","message":"rendering 0 WebGL: INVALID_ENUM: getParameter: invalid parameter name","source":"rendering","timestamp":1556166436166}
{"level":"WARNING","message":"rendering 0 WebGL: INVALID_ENUM: getParameter: invalid parameter name","source":"rendering","timestamp":1556166436166}
{"level":"WARNING","message":"rendering 0 WebGL: INVALID_ENUM: getParameter: invalid parameter name","source":"rendering","timestamp":1556166436166}
{"level":"WARNING","message":"rendering 0 WebGL: INVALID_ENUM: getParameter: invalid parameter name","source":"rendering","timestamp":1556166436166}
{"level":"WARNING","message":"rendering 0 WebGL: INVALID_ENUM: getParameter: invalid parameter name","source":"rendering","timestamp":1556166436167}
{"level":"WARNING","message":"rendering 0 WebGL: INVALID_ENUM: getParameter: invalid parameter name","source":"rendering","timestamp":1556166436167}
{"level":"WARNING","message":"rendering 0 WebGL: INVALID_ENUM: getParameter: invalid parameter name","source":"rendering","timestamp":1556166436167}
{"level":"WARNING","message":"rendering 0 WebGL: INVALID_ENUM: getParameter: invalid parameter name","source":"rendering","timestamp":1556166436167}
{"level":"WARNING","message":"rendering 0 WebGL: INVALID_ENUM: getParameter: invalid parameter name","source":"rendering","timestamp":1556166436167}
{"level":"WARNING","message":"rendering 0 WebGL: INVALID_ENUM: getParameter: invalid parameter name","source":"rendering","timestamp":1556166436167}
{"level":"WARNING","message":"rendering 0 WebGL: INVALID_ENUM: getParameter: invalid parameter name","source":"rendering","timestamp":1556166436168}
{"level":"WARNING","message":"rendering 0 WebGL: INVALID_ENUM: getParameter: invalid parameter name","source":"rendering","timestamp":1556166436168}
{"level":"WARNING","message":"rendering 0 WebGL: INVALID_ENUM: getParameter: invalid parameter name","source":"rendering","timestamp":1556166436168}
{"level":"WARNING","message":"rendering 0 WebGL: INVALID_ENUM: getParameter: invalid parameter name","source":"rendering","timestamp":1556166436168}
{"level":"WARNING","message":"rendering 0 WebGL: INVALID_ENUM: getParameter: invalid parameter name","source":"rendering","timestamp":1556166436168}
{"level":"WARNING","message":"rendering 0 WebGL: INVALID_ENUM: getParameter: invalid parameter name","source":"rendering","timestamp":1556166436169}
{"level":"WARNING","message":"rendering 0 WebGL: INVALID_ENUM: getParameter: invalid parameter name","source":"rendering","timestamp":1556166436169}
{"level":"WARNING","message":"rendering 0 WebGL: INVALID_ENUM: getParameter: invalid parameter name","source":"rendering","timestamp":1556166436169}
{"level":"WARNING","message":"rendering 0 WebGL: INVALID_ENUM: getParameter: invalid parameter name","source":"rendering","timestamp":1556166436169}
{"level":"WARNING","message":"rendering 0 WebGL: INVALID_ENUM: getParameter: invalid parameter name","source":"rendering","timestamp":1556166436169}
{"level":"WARNING","message":"rendering 0 WebGL: INVALID_ENUM: getParameter: invalid parameter name","source":"rendering","timestamp":1556166436170}
{"level":"WARNING","message":"rendering 0 WebGL: INVALID_ENUM: getParameter: invalid parameter name","source":"rendering","timestamp":1556166436170}
{"level":"WARNING","message":"rendering 0 WebGL: INVALID_ENUM: getParameter: invalid parameter name","source":"rendering","timestamp":1556166436170}
{"level":"WARNING","message":"rendering 0 WebGL: INVALID_ENUM: getParameter: invalid parameter name","source":"rendering","timestamp":1556166436171}
{"level":"WARNING","message":"rendering 0 WebGL: INVALID_ENUM: getParameter: invalid parameter name","source":"rendering","timestamp":1556166436171}
{"level":"WARNING","message":"rendering 0 WebGL: INVALID_ENUM: getParameter: invalid parameter name","source":"rendering","timestamp":1556166436171}
{"level":"WARNING","message":"rendering 0 WebGL: INVALID_ENUM: getParameter: invalid parameter name","source":"rendering","timestamp":1556166436171}
{"level":"WARNING","message":"rendering 0 WebGL: INVALID_ENUM: getParameter: invalid parameter name","source":"rendering","timestamp":1556166436171}
{"level":"WARNING","message":"rendering 0 WebGL: INVALID_ENUM: getParameter: invalid parameter name","source":"rendering","timestamp":1556166436171}
{"level":"WARNING","message":"rendering 0 WebGL: INVALID_ENUM: getParameter: invalid parameter name","source":"rendering","timestamp":1556166436171}
{"level":"WARNING","message":"rendering 0 WebGL: INVALID_ENUM: getParameter: invalid parameter name","source":"rendering","timestamp":1556166436172}
{"level":"WARNING","message":"rendering 0 WebGL: INVALID_ENUM: getParameter: invalid parameter name","source":"rendering","timestamp":1556166436172}
{"level":"WARNING","message":"rendering 0 WebGL: INVALID_ENUM: getParameter: invalid parameter name","source":"rendering","timestamp":1556166436172}
{"level":"WARNING","message":"rendering 0 WebGL: INVALID_ENUM: getParameter: invalid parameter name","source":"rendering","timestamp":1556166436172}
{"level":"WARNING","message":"rendering 0 WebGL: INVALID_ENUM: getParameter: invalid parameter name","source":"rendering","timestamp":1556166436172}
{"level":"WARNING","message":"rendering 0 WebGL: INVALID_ENUM: getParameter: invalid parameter name","source":"rendering","timestamp":1556166436173}
{"level":"WARNING","message":"rendering 0 WebGL: INVALID_ENUM: getParameter: invalid parameter name","source":"rendering","timestamp":1556166436173}
{"level":"WARNING","message":"rendering 0 WebGL: INVALID_ENUM: getParameter: invalid parameter name","source":"rendering","timestamp":1556166436173}
{"level":"WARNING","message":"rendering 0 WebGL: INVALID_ENUM: getParameter: invalid parameter name","source":"rendering","timestamp":1556166436173}
{"level":"WARNING","message":"rendering 0 WebGL: INVALID_ENUM: getParameter: invalid parameter name","source":"rendering","timestamp":1556166436173}
{"level":"WARNING","message":"rendering 0 WebGL: INVALID_ENUM: getParameter: invalid parameter name","source":"rendering","timestamp":1556166436173}
{"level":"WARNING","message":"rendering 0 WebGL: INVALID_ENUM: getParameter: invalid parameter name","source":"rendering","timestamp":1556166436174}
{"level":"WARNING","message":"rendering 0 WebGL: INVALID_ENUM: getParameter: invalid parameter name","source":"rendering","timestamp":1556166436174}
{"level":"WARNING","message":"rendering 0 WebGL: INVALID_ENUM: getParameter: invalid parameter name","source":"rendering","timestamp":1556166436174}
{"level":"WARNING","message":"rendering 0 WebGL: INVALID_ENUM: getParameter: invalid parameter name","source":"rendering","timestamp":1556166436174}
{"level":"WARNING","message":"rendering 0 WebGL: INVALID_ENUM: getParameter: invalid parameter name","source":"rendering","timestamp":1556166436174}
{"level":"WARNING","message":"rendering 0 WebGL: INVALID_ENUM: getParameter: invalid parameter name","source":"rendering","timestamp":1556166436175}
{"level":"WARNING","message":"rendering 0 WebGL: INVALID_ENUM: getParameter: invalid parameter name","source":"rendering","timestamp":1556166436175}
{"level":"WARNING","message":"rendering 0 WebGL: INVALID_ENUM: getParameter: invalid parameter name","source":"rendering","timestamp":1556166436175}
{"level":"WARNING","message":"rendering 0 WebGL: INVALID_ENUM: getParameter: invalid parameter name","source":"rendering","timestamp":1556166436175}
{"level":"WARNING","message":"rendering 0 WebGL: INVALID_ENUM: getParameter: invalid parameter name","source":"rendering","timestamp":1556166436175}
{"level":"WARNING","message":"rendering 0 WebGL: INVALID_ENUM: getParameter: invalid parameter name","source":"rendering","timestamp":1556166436176}
{"level":"WARNING","message":"rendering 0 WebGL: INVALID_ENUM: getParameter: invalid parameter name","source":"rendering","timestamp":1556166436176}
{"level":"WARNING","message":"rendering 0 WebGL: INVALID_ENUM: getParameter: invalid parameter name","source":"rendering","timestamp":1556166436176}
{"level":"WARNING","message":"rendering 0 WebGL: INVALID_ENUM: getParameter: invalid parameter name","source":"rendering","timestamp":1556166436176}
{"level":"WARNING","message":"rendering 0 WebGL: INVALID_ENUM: getParameter: invalid parameter name","source":"rendering","timestamp":1556166436176}
{"level":"WARNING","message":"rendering 0 WebGL: INVALID_ENUM: getParameter: invalid parameter name","source":"rendering","timestamp":1556166436177}
{"level":"WARNING","message":"rendering 0 WebGL: INVALID_ENUM: getParameter: invalid parameter name","source":"rendering","timestamp":1556166436177}
{"level":"WARNING","message":"rendering 0 WebGL: INVALID_ENUM: getParameter: invalid parameter name","source":"rendering","timestamp":1556166436177}
{"level":"WARNING","message":"rendering 0 WebGL: INVALID_ENUM: getParameter: invalid parameter name","source":"rendering","timestamp":1556166436178}
{"level":"WARNING","message":"rendering 0 WebGL: INVALID_ENUM: getParameter: invalid parameter name","source":"rendering","timestamp":1556166436178}
{"level":"WARNING","message":"rendering 0 WebGL: INVALID_ENUM: getParameter: invalid parameter name","source":"rendering","timestamp":1556166436178}
{"level":"WARNING","message":"rendering 0 WebGL: INVALID_ENUM: getParameter: invalid parameter name","source":"rendering","timestamp":1556166436178}
{"level":"WARNING","message":"rendering 0 WebGL: INVALID_ENUM: getParameter: invalid parameter name","source":"rendering","timestamp":1556166436178}
{"level":"WARNING","message":"rendering 0 WebGL: INVALID_ENUM: getParameter: invalid parameter name","source":"rendering","timestamp":1556166436179}
{"level":"WARNING","message":"rendering 0 WebGL: INVALID_ENUM: getParameter: invalid parameter name","source":"rendering","timestamp":1556166436179}
{"level":"WARNING","message":"rendering 0 WebGL: INVALID_ENUM: getParameter: invalid parameter name","source":"rendering","timestamp":1556166436179}
{"level":"WARNING","message":"rendering 0 WebGL: INVALID_ENUM: getParameter: invalid parameter name","source":"rendering","timestamp":1556166436179}
{"level":"WARNING","message":"rendering 0 WebGL: INVALID_ENUM: getParameter: invalid parameter name","source":"rendering","timestamp":1556166436179}
{"level":"WARNING","message":"rendering 0 WebGL: INVALID_ENUM: getParameter: invalid parameter name","source":"rendering","timestamp":1556166436180}
{"level":"WARNING","message":"rendering 0 WebGL: INVALID_ENUM: getParameter: invalid parameter name","source":"rendering","timestamp":1556166436180}
{"level":"WARNING","message":"rendering 0 WebGL: INVALID_ENUM: getParameter: invalid parameter name","source":"rendering","timestamp":1556166436180}
{"level":"WARNING","message":"rendering 0 WebGL: INVALID_ENUM: getParameter: invalid parameter name","source":"rendering","timestamp":1556166436180}
{"level":"WARNING","message":"rendering 0 WebGL: INVALID_ENUM: getParameter: invalid parameter name","source":"rendering","timestamp":1556166436180}
{"level":"WARNING","message":"rendering 0 WebGL: INVALID_ENUM: getParameter: invalid parameter name","source":"rendering","timestamp":1556166436181}
{"level":"WARNING","message":"rendering 0 WebGL: INVALID_ENUM: getParameter: invalid parameter name","source":"rendering","timestamp":1556166436181}
{"level":"WARNING","message":"rendering 0 WebGL: INVALID_ENUM: getParameter: invalid parameter name","source":"rendering","timestamp":1556166436181}
{"level":"WARNING","message":"rendering 0 WebGL: INVALID_ENUM: getParameter: invalid parameter name","source":"rendering","timestamp":1556166436181}
{"level":"WARNING","message":"rendering 0 WebGL: INVALID_ENUM: getParameter: invalid parameter name","source":"rendering","timestamp":1556166436181}
{"level":"WARNING","message":"rendering 0 WebGL: INVALID_ENUM: getParameter: invalid parameter name","source":"rendering","timestamp":1556166436182}
{"level":"WARNING","message":"rendering 0 WebGL: INVALID_ENUM: getParameter: invalid parameter name","source":"rendering","timestamp":1556166436182}
{"level":"WARNING","message":"rendering 0 WebGL: INVALID_ENUM: getParameter: invalid parameter name","source":"rendering","timestamp":1556166436182}
{"level":"WARNING","message":"rendering 0 WebGL: INVALID_ENUM: getParameter: invalid parameter name","source":"rendering","timestamp":1556166436182}
{"level":"WARNING","message":"rendering 0 WebGL: INVALID_ENUM: getParameter: invalid parameter name","source":"rendering","timestamp":1556166436182}
{"level":"WARNING","message":"rendering 0 WebGL: INVALID_ENUM: getParameter: invalid parameter name","source":"rendering","timestamp":1556166436182}
{"level":"WARNING","message":"rendering 0 WebGL: INVALID_ENUM: getParameter: invalid parameter name","source":"rendering","timestamp":1556166436183}
{"level":"WARNING","message":"rendering 0 WebGL: INVALID_ENUM: getParameter: invalid parameter name","source":"rendering","timestamp":1556166436183}
{"level":"WARNING","message":"rendering 0 WebGL: INVALID_ENUM: getParameter: invalid parameter name","source":"rendering","timestamp":1556166436183}
{"level":"WARNING","message":"rendering 0 WebGL: INVALID_ENUM: getParameter: invalid parameter name","source":"rendering","timestamp":1556166436183}
{"level":"WARNING","message":"rendering 0 WebGL: INVALID_ENUM: getParameter: invalid parameter name","source":"rendering","timestamp":1556166436184}
{"level":"WARNING","message":"rendering 0 WebGL: INVALID_ENUM: getParameter: invalid parameter name","source":"rendering","timestamp":1556166436184}
{"level":"WARNING","message":"rendering 0 WebGL: INVALID_ENUM: getParameter: invalid parameter name","source":"rendering","timestamp":1556166436184}
{"level":"WARNING","message":"rendering 0 WebGL: INVALID_ENUM: getParameter: invalid parameter name","source":"rendering","timestamp":1556166436184}
{"level":"WARNING","message":"rendering 0 WebGL: INVALID_ENUM: getParameter: invalid parameter name","source":"rendering","timestamp":1556166436184}
{"level":"WARNING","message":"rendering 0 WebGL: INVALID_ENUM: getParameter: invalid parameter name","source":"rendering","timestamp":1556166436184}
{"level":"WARNING","message":"rendering 0 WebGL: INVALID_ENUM: getParameter: invalid parameter name","source":"rendering","timestamp":1556166436185}
{"level":"WARNING","message":"rendering 0 WebGL: too many errors, no more errors will be reported to the console for this context.","source":"rendering","timestamp":1556166436185}
{"level":"SEVERE","message":"https://192.168.5.18:20145/favicon.ico - Failed to load resource: the server responded with a status of 404 (Not Found)","source":"network","timestamp":1556166436417}