2019-04-29T16:18:06.410Z WARN [PageAction]: isLoginUrl, true, https://192.168.5.18:20145/login.html?fail-no-session
2019-04-29T16:18:06.424Z WARN [PageAction]: Login admin
2019-04-29T16:18:08.293Z WARN [PageAction]: logged in admin
2019-04-29T16:18:08.634Z WARN [PageAction]: _promiseSystemMenuOpen clicked
2019-04-29T16:18:08.673Z WARN [PageAction]: _promiseSystemMenuOpen status true
2019-04-29T16:18:09.546Z WARN [PageAction]: click tab with id tab_general
2019-04-29T16:18:09.685Z WARN [PageAction]: after waiting <li class="active"><a id="tab_general" href="#tab_1" data-toggle="tab"><i class="fa fa-cog"></i> General</a></li>
2019-04-29T16:18:10.163Z WARN [PageAction]: click tab with id tab_log
2019-04-29T16:18:10.300Z WARN [PageAction]: after waiting <li class="active"><a id="tab_log" href="#tab_2" data-toggle="tab" aria-expanded="true"><i class="fa fa-file-text"></i> Log</a></li>
2019-04-29T16:18:10.829Z WARN [PageAction]: _promiseSystemMenuOpen status true
2019-04-29T16:18:11.604Z WARN [PageAction]: click tab with id tab_general
2019-04-29T16:18:11.729Z WARN [PageAction]: after waiting <li class="active"><a id="tab_general" href="#tab_1" data-toggle="tab" aria-expanded="true"><i class="fa fa-cog"></i> General</a></li>
2019-04-29T16:18:12.196Z WARN [PageAction]: click tab with id tab_log
2019-04-29T16:18:12.318Z WARN [PageAction]: after waiting <li class="active"><a id="tab_log" href="#tab_2" data-toggle="tab" aria-expanded="true"><i class="fa fa-file-text"></i> Log</a></li>
2019-04-29T16:18:12.796Z WARN [PageAction]: set rawlog to  true 192.168.5.103 udp
2019-04-29T16:18:13.063Z WARN [PageAction]: btn status toggle btn btn-enable-off off btn-sm
2019-04-29T16:18:13.564Z WARN [PageAction]: btn status toggle btn btn-enable-off off btn-sm
2019-04-29T16:18:13.564Z WARN [PageAction]: toggle btn to true
2019-04-29T16:18:13.618Z WARN [PageAction]: btn status now toggle btn btn-sm btn-enable-on
2019-04-29T16:18:13.854Z WARN [PageAction]: btn status toggle btn btn-sm btn-enable-on
2019-04-29T16:18:14.591Z WARN [PageAction]: enter raw server 192.168.5.103 undefined udp
2019-04-29T16:18:17.645Z WARN [PageAction]: Clicked save button
2019-04-29T16:18:17.868Z WARN [PageAction]: waitUntilSpinerGone...
2019-04-29T16:18:18.755Z WARN [PageAction]: _promiseSystemMenuOpen status true
2019-04-29T16:18:19.570Z WARN [PageAction]: click tab with id tab_general
2019-04-29T16:18:19.712Z WARN [PageAction]: after waiting <li class="active"><a id="tab_general" href="#tab_1" data-toggle="tab" aria-expanded="true"><i class="fa fa-cog"></i> General</a></li>
2019-04-29T16:18:20.169Z WARN [PageAction]: click tab with id tab_log
2019-04-29T16:18:20.303Z WARN [PageAction]: after waiting <li class="active"><a id="tab_log" href="#tab_2" data-toggle="tab" aria-expanded="true"><i class="fa fa-file-text"></i> Log</a></li>
2019-04-29T16:18:20.773Z WARN [Jasmine]: Start testing Log output: raw check ui: protocol and server
2019-04-29T16:18:20.821Z WARN [PageAction]: _promiseSystemMenuOpen status true
2019-04-29T16:18:21.583Z WARN [PageAction]: click tab with id tab_general
2019-04-29T16:18:21.705Z WARN [PageAction]: after waiting <li class="active"><a id="tab_general" href="#tab_1" data-toggle="tab" aria-expanded="true"><i class="fa fa-cog"></i> General</a></li>
2019-04-29T16:18:22.171Z WARN [PageAction]: click tab with id tab_log
2019-04-29T16:18:22.290Z WARN [PageAction]: after waiting <li class="active"><a id="tab_log" href="#tab_2" data-toggle="tab" aria-expanded="true"><i class="fa fa-file-text"></i> Log</a></li>
2019-04-29T16:18:23.035Z WARN [PageAction]: btn status toggle btn btn-sm btn-enable-on
2019-04-29T16:18:23.035Z WARN [PageAction]: read raw log toggle status true
2019-04-29T16:18:23.541Z WARN [PageAction]: read raw log detail { protocol: 'udp', server: '192.168.5.103' }
2019-04-29T16:18:23.545Z WARN [Jasmine]: Start testing Log output: raw check the raw log is outputed to logserver, and protocol is udp
2019-04-29T16:18:23.827Z WARN [PageAction]: click tab with classname fa-shield
2019-04-29T16:18:23.900Z WARN [PageAction]: click tab with classname clicked fa-shield
2019-04-29T16:18:24.203Z WARN [PageAction]: click tab with classname fa-shield
2019-04-29T16:18:24.269Z WARN [PageAction]: click tab with classname clicked fa-shield
2019-04-29T16:18:24.533Z WARN [PageAction]: issue command to log queryserver to clear the data
2019-04-29T16:18:24.557Z WARN [PageAction]: the curlurl is /155655470455760 /155655470455760.js
2019-04-29T16:18:24.624Z WARN [PageAction]: search curlurl in the security log page /155655470455760 /155655470455760.js
2019-04-29T16:18:35.852Z WARN [PageAction]: keepSearchTillTableContain:tries=1,found=true
2019-04-29T16:18:35.852Z WARN [PageAction]: done: search curlurl in the security log page /155655470455760 /155655470455760.js
2019-04-29T16:18:35.929Z WARN [PageAction]: _promiseSystemMenuOpen status true
2019-04-29T16:18:36.840Z WARN [PageAction]: click tab with id tab_general
2019-04-29T16:18:36.990Z WARN [PageAction]: after waiting <li class="active"><a id="tab_general" href="#tab_1" data-toggle="tab" aria-expanded="true"><i class="fa fa-cog"></i> General</a></li>
2019-04-29T16:18:37.462Z WARN [PageAction]: click tab with id tab_log
2019-04-29T16:18:37.593Z WARN [PageAction]: after waiting <li class="active"><a id="tab_log" href="#tab_2" data-toggle="tab" aria-expanded="true"><i class="fa fa-file-text"></i> Log</a></li>
2019-04-29T16:18:38.065Z WARN [PageAction]: set rawlog to  false 192.168.5.103 udp
2019-04-29T16:18:38.334Z WARN [PageAction]: btn status toggle btn btn-sm btn-enable-on
2019-04-29T16:18:38.837Z WARN [PageAction]: btn status toggle btn btn-sm btn-enable-on
2019-04-29T16:18:38.837Z WARN [PageAction]: toggle btn to false
2019-04-29T16:18:38.887Z WARN [PageAction]: btn status now toggle btn btn-sm btn-enable-off off
2019-04-29T16:18:39.125Z WARN [PageAction]: btn status toggle btn btn-sm btn-enable-off off
2019-04-29T16:18:41.942Z WARN [PageAction]: Clicked save button
2019-04-29T16:18:42.177Z WARN [PageAction]: waitUntilSpinerGone...
2019-04-29T16:18:43.054Z WARN [PageAction]: _promiseSystemMenuOpen status true
2019-04-29T16:18:43.867Z WARN [PageAction]: click tab with id tab_general
2019-04-29T16:18:43.998Z WARN [PageAction]: after waiting <li class="active"><a id="tab_general" href="#tab_1" data-toggle="tab" aria-expanded="true"><i class="fa fa-cog"></i> General</a></li>
2019-04-29T16:18:44.485Z WARN [PageAction]: click tab with id tab_log
2019-04-29T16:18:44.614Z WARN [PageAction]: after waiting <li class="active"><a id="tab_log" href="#tab_2" data-toggle="tab" aria-expanded="true"><i class="fa fa-file-text"></i> Log</a></li>
2019-04-29T16:18:45.293Z WARN [PageAction]: isLoginUrl, false, https://192.168.5.18:20145/
2019-04-29T16:18:46.115Z WARN [PageAction]: Already login as admin
2019-04-29T16:18:46.236Z WARN [PageAction]: _promiseSystemMenuOpen clicked
2019-04-29T16:18:46.272Z WARN [PageAction]: _promiseSystemMenuOpen status true
2019-04-29T16:18:47.122Z WARN [PageAction]: click tab with id tab_general
2019-04-29T16:18:47.266Z WARN [PageAction]: after waiting <li class="active"><a id="tab_general" href="#tab_1" data-toggle="tab" aria-expanded="true"><i class="fa fa-cog"></i> General</a></li>
2019-04-29T16:18:47.718Z WARN [PageAction]: click tab with id tab_log
2019-04-29T16:18:47.852Z WARN [PageAction]: after waiting <li class="active"><a id="tab_log" href="#tab_2" data-toggle="tab" aria-expanded="true"><i class="fa fa-file-text"></i> Log</a></li>
2019-04-29T16:18:48.363Z WARN [PageAction]: _promiseSystemMenuOpen status true
2019-04-29T16:18:49.128Z WARN [PageAction]: click tab with id tab_general
2019-04-29T16:18:49.254Z WARN [PageAction]: after waiting <li class="active"><a id="tab_general" href="#tab_1" data-toggle="tab" aria-expanded="true"><i class="fa fa-cog"></i> General</a></li>
2019-04-29T16:18:49.712Z WARN [PageAction]: click tab with id tab_log
2019-04-29T16:18:49.827Z WARN [PageAction]: after waiting <li class="active"><a id="tab_log" href="#tab_2" data-toggle="tab" aria-expanded="true"><i class="fa fa-file-text"></i> Log</a></li>
2019-04-29T16:18:50.294Z WARN [PageAction]: set formated log to  true 192.168.5.103 tcp all
2019-04-29T16:18:50.558Z WARN [PageAction]: btn status toggle btn btn-enable-off off btn-sm
2019-04-29T16:18:51.056Z WARN [PageAction]: btn status toggle btn btn-enable-off off btn-sm
2019-04-29T16:18:51.056Z WARN [PageAction]: toggle btn to true
2019-04-29T16:18:51.112Z WARN [PageAction]: btn status now toggle btn btn-sm btn-enable-on
2019-04-29T16:18:51.353Z WARN [PageAction]: btn status toggle btn btn-sm btn-enable-on
2019-04-29T16:18:52.345Z WARN [PageAction]: enter formated server 192.168.5.103 undefined tcp all
2019-04-29T16:18:55.450Z WARN [PageAction]: Clicked save button
2019-04-29T16:18:55.680Z WARN [PageAction]: waitUntilSpinerGone...
2019-04-29T16:18:56.033Z WARN webdriver: Request encountered a stale element - terminating request
2019-04-29T16:18:56.068Z WARN webdriver: Request encountered a stale element - terminating request
2019-04-29T16:18:56.611Z WARN [PageAction]: _promiseSystemMenuOpen status true
2019-04-29T16:18:57.424Z WARN [PageAction]: click tab with id tab_general
2019-04-29T16:18:57.564Z WARN [PageAction]: after waiting <li class="active"><a id="tab_general" href="#tab_1" data-toggle="tab" aria-expanded="true"><i class="fa fa-cog"></i> General</a></li>
2019-04-29T16:18:58.017Z WARN [PageAction]: click tab with id tab_log
2019-04-29T16:18:58.145Z WARN [PageAction]: after waiting <li class="active"><a id="tab_log" href="#tab_2" data-toggle="tab" aria-expanded="tr2019-04-29T16:19:58.497Z DEBUG @wdio/local-runner: Runner 0-48 finished with exit code 0
 Start testing Log output: formatted log set tcp: all log check ui: protocol and server
2019-04-29T16:18:58.654Z WARN [PageAction]: _promiseSystemMenuOpen status true
2019-04-29T16:18:59.424Z WARN [PageAction]: click tab with id tab_general
2019-04-29T16:18:59.544Z WARN [PageAction]: after waiting <li class="active"><a id="tab_general" href="#tab_1" data-toggle="tab" aria-expanded="true"><i class="fa fa-cog"></i> General</a></li>
2019-04-29T16:19:00.005Z WARN [PageAction]: click tab with id tab_log
2019-04-29T16:19:00.129Z WARN [PageAction]: after waiting <li class="active"><a id="tab_log" href="#tab_2" data-toggle="tab" aria-expanded="true"><i class="fa fa-file-text"></i> Log</a></li>
2019-04-29T16:19:00.851Z WARN [PageAction]: btn status toggle btn btn-sm btn-enable-on
2019-04-29T16:19:01.611Z WARN [Jasmine]: Start testing Log output: formatted log set tcp: all log check both normal and abnormal log are outputed to logserver
2019-04-29T16:19:01.885Z WARN [PageAction]: click tab with classname fa-shield
2019-04-29T16:19:01.958Z WARN [PageAction]: click tab with classname clicked fa-shield
2019-04-29T16:19:02.265Z WARN [PageAction]: click tab with classname fa-shield
2019-04-29T16:19:02.324Z WARN [PageAction]: click tab with classname clicked fa-shield
2019-04-29T16:19:02.597Z WARN [PageAction]: issue command to log queryserver to clear the data
2019-04-29T16:19:02.620Z WARN [PageAction]: the curlurl is /155655474262063 /155655474262063.js
2019-04-29T16:19:02.694Z WARN [PageAction]: search curlurl in the security log page /155655474262063 /155655474262063.js
2019-04-29T16:19:24.236Z WARN [PageAction]: keepSearchTillTableContain:tries=2,found=true
2019-04-29T16:19:24.237Z WARN [PageAction]: done: search curlurl in the security log page /155655474262063 /155655474262063.js
2019-04-29T16:19:24.318Z WARN [PageAction]: _promiseSystemMenuOpen status true
2019-04-29T16:19:25.198Z WARN [PageAction]: click tab with id tab_general
2019-04-29T16:19:25.345Z WARN [PageAction]: after waiting <li class="active"><a id="tab_general" href="#tab_1" data-toggle="tab" aria-expanded="true"><i class="fa fa-cog"></i> General</a></li>
2019-04-29T16:19:25.815Z WARN [PageAction]: click tab with id tab_log
2019-04-29T16:19:25.949Z WARN [PageAction]: after waiting <li class="active"><a id="tab_log" href="#tab_2" data-toggle="tab" aria-expanded="true"><i class="fa fa-file-text"></i> Log</a></li>
2019-04-29T16:19:26.438Z WARN [PageAction]: set formated log to  true 192.168.5.103 udp error_log
2019-04-29T16:19:26.715Z WARN [PageAction]: btn status toggle btn btn-sm btn-enable-on
2019-04-29T16:19:27.720Z WARN [PageAction]: enter formated server 192.168.5.103 undefined udp error_log
2019-04-29T16:19:30.784Z WARN [PageAction]: Clicked save button
2019-04-29T16:19:31.024Z WARN [PageAction]: waitUntilSpinerGone...
2019-04-29T16:19:31.368Z WARN webdriver: Request encountered a stale element - terminating request
2019-04-29T16:19:31.402Z WARN webdriver: Request encountered a stale element - terminating request
2019-04-29T16:19:31.950Z WARN [PageAction]: _promiseSystemMenuOpen status true
2019-04-29T16:19:32.795Z WARN [PageAction]: click tab with id tab_general
2019-04-29T16:19:32.932Z WARN [PageAction]: after waiting <li class="active"><a id="tab_general" href="#tab_1" data-toggle="tab" aria-expanded="true"><i class="fa fa-cog"></i> General</a></li>
2019-04-29T16:19:33.393Z WARN [PageAction]: click tab with id tab_log
2019-04-29T16:19:33.523Z WARN [PageAction]: after waiting <li class="active"><a id="tab_log" href="#tab_2" data-toggle="tab" aria-expanded="true"><i class="fa fa-file-text"></i> Log</a></li>
2019-04-29T16:19:34.007Z WARN [Jasmine]: Start testing Log output: formatted log set udp: error log check ui: protocol and server and srouce
2019-04-29T16:19:34.052Z WARN [PageAction]: _promiseSystemMenuOpen status true
2019-04-29T16:19:34.817Z WARN [PageAction]: click tab with id tab_general
2019-04-29T16:19:34.941Z WARN [PageAction]: after waiting <li class="active"><a id="tab_general" href="#tab_1" data-toggle="tab" aria-expanded="true"><i class="fa fa-cog"></i> General</a></li>
2019-04-29T16:19:35.402Z WARN [PageAction]: click tab with id tab_log
2019-04-29T16:19:35.524Z WARN [PageAction]: after waiting <li class="active"><a id="tab_log" href="#tab_2" data-toggle="tab" aria-expanded="true"><i class="fa fa-file-text"></i> Log</a></li>
2019-04-29T16:19:36.264Z WARN [PageAction]: btn status toggle btn btn-sm btn-enable-on
2019-04-29T16:19:37.048Z WARN [Jasmine]: Start testing Log output: formatted log set udp: error log check only abnormal log are outputed to logserver
2019-04-29T16:19:37.308Z WARN [PageAction]: click tab with classname fa-shield
2019-04-29T16:19:37.386Z WARN [PageAction]: click tab with classname clicked fa-shield
2019-04-29T16:19:37.690Z WARN [PageAction]: click tab with classname fa-shield
2019-04-29T16:19:37.755Z WARN [PageAction]: click tab with classname clicked fa-shield
2019-04-29T16:19:38.020Z WARN [PageAction]: issue command to log queryserver to clear the data
2019-04-29T16:19:38.042Z WARN [PageAction]: the curlurl is /15565547780426 /15565547780426.js
2019-04-29T16:19:38.109Z WARN [PageAction]: search curlurl in the security log page /15565547780426 /15565547780426.js
2019-04-29T16:19:49.189Z WARN [PageAction]: keepSearchTillTableContain:tries=1,found=true
2019-04-29T16:19:49.189Z WARN [PageAction]: done: search curlurl in the security log page /15565547780426 /15565547780426.js
2019-04-29T16:19:49.265Z WARN [PageAction]: _promiseSystemMenuOpen status true
2019-04-29T16:19:50.137Z WARN [PageAction]: click tab with id tab_general
2019-04-29T16:19:50.270Z WARN [PageAction]: after waiting <li class="active"><a id="tab_general" href="#tab_1" data-toggle="tab" aria-expanded="true"><i class="fa fa-cog"></i> General</a></li>
2019-04-29T16:19:50.730Z WARN [PageAction]: click tab with id tab_log
2019-04-29T16:19:50.866Z WARN [PageAction]: after waiting <li class="active"><a id="tab_log" href="#tab_2" data-toggle="tab" aria-expanded="true"><i class="fa fa-file-text"></i> Log</a></li>
2019-04-29T16:19:51.335Z WARN [PageAction]: set formated log to  false 192.168.5.103 udp all
2019-04-29T16:19:51.598Z WARN [PageAction]: btn status toggle btn btn-sm btn-enable-on
2019-04-29T16:19:52.098Z WARN [PageAction]: btn status toggle btn btn-sm btn-enable-on
2019-04-29T16:19:52.098Z WARN [PageAction]: toggle btn to false
2019-04-29T16:19:52.148Z WARN [PageAction]: btn status now toggle btn btn-sm btn-enable-off off
2019-04-29T16:19:52.378Z WARN [PageAction]: btn status toggle btn btn-sm btn-enable-off off
2019-04-29T16:19:55.188Z WARN [PageAction]: Clicked save button
2019-04-29T16:19:55.416Z WARN [PageAction]: waitUntilSpinerGone...
2019-04-29T16:19:56.269Z WARN [PageAction]: _promiseSystemMenuOpen status true
2019-04-29T16:19:57.063Z WARN [PageAction]: click tab with id tab_general
2019-04-29T16:19:57.205Z WARN [PageAction]: after waiting <li class="active"><a id="tab_general" href="#tab_1" data-toggle="tab" aria-expanded="true"><i class="fa fa-cog"></i> General</a></li>
2019-04-29T16:19:57.678Z WARN [PageAction]: click tab with id tab_log
2019-04-29T16:19:57.812Z WARN [PageAction]: after waiting <li class="active"><a id="tab_log" href="#tab_2" data-toggle="tab" aria-expanded="true"><i class="fa fa-file-text"></i> Log</a></li>
