2019-04-24T13:40:05.319Z WARN [Jasmine]: Start testing Login page UI check username is required
2019-04-24T13:40:09.065Z WARN [PageAction]: Not logged in, no need logout
2019-04-24T13:40:09.069Z WARN [Jasmine]: Start testing Login page UI check pwd  is required
2019-04-24T13:40:10.456Z WARN [PageAction]: Not logged in, no need logout
2019-04-24T13:40:10.457Z WARN [Jasmine]: Start testing Login page UI check username and pwd is required
2019-04-24T13:40:11.754Z WARN [PageAction]: Not logged in, no need logout
2019-04-24T13:40:11.756Z WARN [Jasmine]: Start testing Login page UI check -abcA09 as username can be accepted
2019-04-24T13:40:13.279Z WARN [PageAction]: Not logged in, no need logout
2019-04-24T13:40:13.280Z WARN [Jasmine]: Start testing Login page UI check ab-cA09 as username can be accepted
2019-04-24T13:40:15.056Z WARN [PageAction]: Not logged in, no need logout
2019-04-24T13:40:15.056Z WARN [Jasmine]: Start testing Login page UI check abcA09- as username can be accepted
2019-04-24T13:40:16.707Z WARN [PageAction]: Not logged in, no need logout
2019-04-24T13:40:16.708Z WARN [Jasmine]: Start testing Login page UI check _abcA09 as username can be accepted
2019-04-24T13:40:18.546Z WARN [PageAction]: Not logged in, no need logout
2019-04-24T13:40:18.547Z WARN [Jasmine]: Start testing Login page UI check ab_cA09 as username can be accepted
2019-04-24T13:40:20.162Z WARN [PageAction]: Not logged in, no need logout
2019-04-24T13:40:20.162Z WARN [Jasmine]: Start testing Login page UI check abcA09_ as username can be accepted
2019-04-24T13:40:21.462Z WARN [PageAction]: Not logged in, no need logout
2019-04-24T13:40:21.464Z WARN [Jasmine]: Start testing Login page UI check _-abcA09 as username can be accepted
2019-04-24T13:40:22.885Z WARN [PageAction]: Not logged in, no need logout
2019-04-24T13:40:22.886Z WARN [Jasmine]: Start testing Login page UI check -_ab-cA09 as username can be accepted
2019-04-24T13:40:24.365Z WARN [PageAction]: Not logged in, no need logout
2019-04-24T13:40:24.366Z WARN [Jasmine]: Start testing Login page UI check abcA09-_ as username can be accepted
2019-04-24T13:40:25.752Z WARN [PageAction]: Not logged in, no need logout
2019-04-24T13:40:25.754Z WARN [Jasmine]: Start testing Login page UI check username should not accept non alphnum !abcAbc09
2019-04-24T13:40:27.065Z WARN [PageAction]: Not logged in, no need logout
2019-04-24T13:40:27.067Z WARN [Jasmine]: Start testing Login page UI check username should not accept non alphnum abcAbc09!
2019-04-24T13:40:28.082Z WARN [PageAction]: Not logged in, no need logout
2019-04-24T13:40:28.082Z WARN [Jasmine]: Start testing Login page UI check username should not accept non alphnum a!bcAbc09
2019-04-24T13:40:29.133Z WARN [PageAction]: Not logged in, no need logout
2019-04-24T13:40:29.134Z WARN [Jasmine]: Start testing Login page UI check username should not accept non alphnum "abcAbc09
2019-04-24T13:40:30.236Z WARN [PageAction]: Not logged in, no need logout
2019-04-24T13:40:30.238Z WARN [Jasmine]: Start testing Login page UI check username should not accept non alphnum abcAbc09"
2019-04-24T13:40:31.319Z WARN [PageAction]: Not logged in, no need logout
2019-04-24T13:40:31.319Z WARN [Jasmine]: Start testing Login page UI check username should not accept non alphnum a"bcAbc09
2019-04-24T13:40:32.412Z WARN [PageAction]: Not logged in, no need logout
2019-04-24T13:40:32.413Z WARN [Jasmine]: Start testing Login page UI check username should not accept non alphnum #abcAbc09
2019-04-24T13:40:33.503Z WARN [PageAction]: Not logged in, no need logout
2019-04-24T13:40:33.505Z WARN [Jasmine]: Start testing Login page UI check username should not accept non alphnum abcAbc09#
2019-04-24T13:40:34.499Z WARN [PageAction]: Not logged in, no need logout
2019-04-24T13:40:34.499Z WARN [Jasmine]: Start testing Login page UI check username should not accept non alphnum a#bcAbc09
2019-04-24T13:40:35.654Z WARN [PageAction]: Not logged in, no need logout
2019-04-24T13:40:35.654Z WARN [Jasmine]: Start testing Login page UI check username should not accept non alphnum $abcAbc09
2019-04-24T13:40:36.741Z WARN [PageAction]: Not logged in, no need logout
2019-04-24T13:40:36.742Z WARN [Jasmine]: Start testing Login page UI check username should not accept non alphnum abcAbc09$
2019-04-24T13:40:37.847Z WARN [PageAction]: Not logged in, no need logout
2019-04-24T13:40:37.849Z WARN [Jasmine]: Start testing Login page UI check username should not accept non alphnum a$bcAbc09
2019-04-24T13:40:38.971Z WARN [PageAction]: Not logged in, no need logout
2019-04-24T13:40:38.972Z WARN [Jasmine]: Start testing Login page UI check username should not accept non alphnum %abcAbc09
2019-04-24T13:40:40.060Z WARN [PageAction]: Not logged in, no need logout
2019-04-24T13:40:40.061Z WARN [Jasmine]: Start testing Login page UI check username should not accept non alphnum abcAbc09%
2019-04-24T13:40:41.175Z WARN [PageAction]: Not logged in, no need logout
2019-04-24T13:40:41.177Z WARN [Jasmine]: Start testing Login page UI check username should not accept non alphnum a%bcAbc09
2019-04-24T13:40:42.305Z WARN [PageAction]: Not logged in, no need logout
2019-04-24T13:40:42.305Z WARN [Jasmine]: Start testing Login page UI check username should not accept non alphnum &abcAbc09
2019-04-24T13:40:43.465Z WARN [PageAction]: Not logged in, no need logout
2019-04-24T13:40:43.466Z WARN [Jasmine]: Start testing Login page UI check username should not accept non alphnum abcAbc09&
2019-04-24T13:40:44.500Z WARN [PageAction]: Not logged in, no need logout
2019-04-24T13:40:44.502Z WARN [Jasmine]: Start testing Login page UI check username should not accept non alphnum a&bcAbc09
2019-04-24T13:40:45.570Z WARN [PageAction]: Not logged in, no need logout
2019-04-24T13:40:45.571Z WARN [Jasmine]: Start testing Login page UI check username should not accept non alphnum 'abcAbc09
2019-04-24T13:40:46.790Z WARN [PageAction]: Not logged in, no need logout
2019-04-24T13:40:46.791Z WARN [Jasmine]: Start testing Login page UI check username should not accept non alphnum abcAbc09'
2019-04-24T13:40:47.849Z WARN [PageAction]: Not logged in, no need logout
2019-04-24T13:40:47.849Z WARN [Jasmine]: Start testing Login page UI check username should not accept non alphnum a'bcAbc09
2019-04-24T13:40:48.926Z WARN [PageAction]: Not logged in, no need logout
2019-04-24T13:40:48.928Z WARN [Jasmine]: Start testing Login page UI check username should not accept non alphnum (abcAbc09
2019-04-24T13:40:50.012Z WARN [PageAction]: Not logged in, no need logout
2019-04-24T13:40:50.013Z WARN [Jasmine]: Start testing Login page UI check username should not accept non alphnum abcAbc09(
2019-04-24T13:40:51.089Z WARN [PageAction]: Not logged in, no need logout
2019-04-24T13:40:51.090Z WARN [Jasmine]: Start testing Login page UI check username should not accept non alphnum a(bcAbc09
2019-04-24T13:40:52.175Z WARN [PageAction]: Not logged in, no need logout
2019-04-24T13:40:52.177Z WARN [Jasmine]: Start testing Login page UI check username should not accept non alphnum )abcAbc09
2019-04-24T13:40:53.270Z WARN [PageAction]: Not logged in, no need logout
2019-04-24T13:40:53.270Z WARN [Jasmine]: Start testing Login page UI check username should not accept non alphnum abcAbc09)
2019-04-24T13:40:54.270Z WARN [PageAction]: Not logged in, no need logout
2019-04-24T13:40:54.271Z WARN [Jasmine]: Start testing Login page UI check username should not accept non alphnum a)bcAbc09
2019-04-24T13:40:55.310Z WARN [PageAction]: Not logged in, no need logout
2019-04-24T13:40:55.312Z WARN [Jasmine]: Start testing Login page UI check username should not accept non alphnum *abcAbc09
2019-04-24T13:40:56.380Z WARN [PageAction]: Not logged in, no need logout
2019-04-24T13:40:56.381Z WARN [Jasmine]: Start testing Login page UI check username should not accept non alphnum abcAbc09*
2019-04-24T13:40:57.490Z WARN [PageAction]: Not logged in, no need logout
2019-04-24T13:40:57.491Z WARN [Jasmine]: Start testing Login page UI check username should not accept non alphnum a*bcAbc09
2019-04-24T13:40:58.751Z WARN [PageAction]: Not logged in, no need logout
2019-04-24T13:40:58.751Z WARN [Jasmine]: Start testing Login page UI check username should not accept non alphnum +abcAbc09
2019-04-24T13:40:59.784Z WARN [PageAction]: Not logged in, no need logout
2019-04-24T13:40:59.786Z WARN [Jasmine]: Start testing Login page UI check username should not accept non alphnum abcAbc09+
2019-04-24T13:41:00.859Z WARN [PageAction]: Not logged in, no need logout
2019-04-24T13:41:00.860Z WARN [Jasmine]: Start testing Login page UI check username should not accept non alphnum a+bcAbc09
2019-04-24T13:41:01.909Z WARN [PageAction]: Not logged in, no need logout
2019-04-24T13:41:01.910Z WARN [Jasmine]: Start testing Login page UI check username should not accept non alphnum ,abcAbc09
2019-04-24T13:41:02.880Z WARN [PageAction]: Not logged in, no need logout
2019-04-24T13:41:02.882Z WARN [Jasmine]: Start testing Login page UI check username should not accept non alphnum abcAbc09,
2019-04-24T13:41:03.994Z WARN [PageAction]: Not logged in, no need logout
2019-04-24T13:41:03.994Z WARN [Jasmine]: Start testing Login page UI check username should not accept non alphnum a,bcAbc09
2019-04-24T13:41:05.052Z WARN [PageAction]: Not logged in, no need logout
2019-04-24T13:41:05.052Z WARN [Jasmine]: Start testing Login page UI check username should not accept non alphnum .abcAbc09
2019-04-24T13:41:06.199Z WARN [PageAction]: Not logged in, no need logout
2019-04-24T13:41:06.201Z WARN [Jasmine]: Start testing Login page UI check username should not accept non alphnum abcAbc09.
2019-04-24T13:41:07.216Z WARN [PageAction]: Not logged in, no need logout
2019-04-24T13:41:07.217Z WARN [Jasmine]: Start testing Login page UI check username should not accept non alphnum a.bcAbc09
2019-04-24T13:41:08.260Z WARN [PageAction]: Not logged in, no need logout
2019-04-24T13:41:08.261Z WARN [Jasmine]: Start testing Login page UI check username should not accept non alphnum /abcAbc09
2019-04-24T13:41:09.301Z WARN [PageAction]: Not logged in, no need logout
2019-04-24T13:41:09.301Z WARN [Jasmine]: Start testing Login page UI check username should not accept non alphnum abcAbc09/
2019-04-24T13:41:10.599Z WARN [PageAction]: Not logged in, no need logout
2019-04-24T13:41:10.600Z WARN [Jasmine]: Start testing Login page UI check username should not accept non alphnum a/bcAbc09
2019-04-24T13:41:11.711Z WARN [PageAction]: Not logged in, no need logout
2019-04-24T13:41:11.712Z WARN [Jasmine]: Start testing Login page UI check username should not accept non alphnum :abcAbc09
2019-04-24T13:41:12.790Z WARN [PageAction]: Not logged in, no need logout
2019-04-24T13:41:12.791Z WARN [Jasmine]: Start testing Login page UI check username should not accept non alphnum abcAbc09:
2019-04-24T13:41:13.906Z WARN [PageAction]: Not logged in, no need logout
2019-04-24T13:41:13.908Z WARN [Jasmine]: Start testing Login page UI check username should not accept non alphnum a:bcAbc09
2019-04-24T13:41:14.941Z WARN [PageAction]: Not logged in, no need logout
2019-04-24T13:41:14.941Z WARN [Jasmine]: Start testing Login page UI check username should not accept non alphnum ;abcAbc09
2019-04-24T13:41:15.999Z WARN [PageAction]: Not logged in, no need logout
2019-04-24T13:41:15.999Z WARN [Jasmine]: Start testing Login page UI check username should not accept non alphnum abcAbc09;
2019-04-24T13:41:17.019Z WARN [PageAction]: Not logged in, no need logout
2019-04-24T13:41:17.021Z WARN [Jasmine]: Start testing Login page UI check username should not accept non alphnum a;bcAbc09
2019-04-24T13:41:18.135Z WARN [PageAction]: Not logged in, no need logout
2019-04-24T13:41:18.135Z WARN [Jasmine]: Start testing Login page UI check username should not accept non alphnum <abcAbc09
2019-04-24T13:41:19.313Z WARN [PageAction]: Not logged in, no need logout
2019-04-24T13:41:19.314Z WARN [Jasmine]: Start testing Login page UI check username should not accept non alphnum abcAbc09<
2019-04-24T13:41:20.415Z WARN [PageAction]: Not logged in, no need logout
2019-04-24T13:41:20.415Z WARN [Jasmine]: Start testing Login page UI check username should not accept non alphnum a<bcAbc09
2019-04-24T13:41:21.535Z WARN [PageAction]: Not logged in, no need logout
2019-04-24T13:41:21.535Z WARN [Jasmine]: Start testing Login page UI check username should not accept non alphnum =abcAbc09
2019-04-24T13:41:22.611Z WARN [PageAction]: Not logged in, no need logout
2019-04-24T13:41:22.612Z WARN [Jasmine]: Start testing Login page UI check username should not accept non alphnum abcAbc09=
2019-04-24T13:41:23.624Z WARN [PageAction]: Not logged in, no need logout
2019-04-24T13:41:23.624Z WARN [Jasmine]: Start testing Login page UI check username should not accept non alphnum a=bcAbc09
2019-04-24T13:41:24.653Z WARN [PageAction]: Not logged in, no need logout
2019-04-24T13:41:24.654Z WARN [Jasmine]: Start testing Login page UI check username should not accept non alphnum >abcAbc09
2019-04-24T13:41:25.760Z WARN [PageAction]: Not logged in, no need logout
2019-04-24T13:41:25.761Z WARN [Jasmine]: Start testing Login page UI check username should not accept non alphnum abcAbc09>
2019-04-24T13:41:27.009Z WARN [PageAction]: Not logged in, no need logout
2019-04-24T13:41:27.009Z WARN [Jasmine]: Start testing Login page UI check username should not accept non alphnum a>bcAbc09
2019-04-24T13:41:28.055Z WARN [PageAction]: Not logged in, no need logout
2019-04-24T13:41:28.058Z WARN [Jasmine]: Start testing Login page UI check username should not accept non alphnum ?abcAbc09
2019-04-24T13:41:29.195Z WARN [PageAction]: Not logged in, no need logout
2019-04-24T13:41:29.195Z WARN [Jasmine]: Start testing Login page UI check username should not accept non alphnum abcAbc09?
2019-04-24T13:41:30.252Z WARN [PageAction]: Not logged in, no need logout
2019-04-24T13:41:30.253Z WARN [Jasmine]: Start testing Login page UI check username should not accept non alphnum a?bcAbc09
2019-04-24T13:41:31.352Z WARN [PageAction]: Not logged in, no need logout
2019-04-24T13:41:31.352Z WARN [Jasmine]: Start testing Login page UI check username should not accept non alphnum @abcAbc09
2019-04-24T13:41:32.448Z WARN [PageAction]: Not logged in, no need logout
2019-04-24T13:41:32.449Z WARN [Jasmine]: Start testing Login page UI check username should not accept non alphnum abcAbc09@
2019-04-24T13:41:33.575Z WARN [PageAction]: Not logged in, no need logout
2019-04-24T13:41:33.576Z WARN [Jasmine]: Start testing Login page UI check username should not accept non alphnum a@bcAbc09
2019-04-24T13:41:34.598Z WARN [PageAction]: Not logged in, no need logout
2019-04-24T13:41:34.599Z WARN [Jasmine]: Start testing Login page UI check username should not accept non alphnum [abcAbc09
2019-04-24T13:41:35.686Z WARN [PageAction]: Not logged in, no need logout
2019-04-24T13:41:35.689Z WARN [Jasmine]: Start testing Login page UI check username should not accept non alphnum abcAbc09[
2019-04-24T13:41:36.712Z WARN [PageAction]: Not logged in, no need logout
2019-04-24T13:41:36.712Z WARN [Jasmine]: Start testing Login page UI check username should not accept non alphnum a[bcAbc09
2019-04-24T13:41:37.744Z WARN [PageAction]: Not logged in, no need logout
2019-04-24T13:41:37.744Z WARN [Jasmine]: Start testing Login page UI check username should not accept non alphnum \abcAbc09
2019-04-24T13:41:38.814Z WARN [PageAction]: Not logged in, no need logout
2019-04-24T13:41:38.816Z WARN [Jasmine]: Start testing Login page UI check username should not accept non alphnum abcAbc09\
2019-04-24T13:41:39.905Z WARN [PageAction]: Not logged in, no need logout
2019-04-24T13:41:39.906Z WARN [Jasmine]: Start testing Login page UI check username should not accept non alphnum a\bcAbc09
2019-04-24T13:41:41.044Z WARN [PageAction]: Not logged in, no need logout
2019-04-24T13:41:41.045Z WARN [Jasmine]: Start testing Login page UI check username should not accept non alphnum ]abcAbc09
2019-04-24T13:41:42.115Z WARN [PageAction]: Not logged in, no need logout
2019-04-24T13:41:42.115Z WARN [Jasmine]: Start testing Login page UI check username should not accept non alphnum abcAbc09]
2019-04-24T13:41:43.113Z WARN [PageAction]: Not logged in, no need logout
2019-04-24T13:41:43.115Z WARN [Jasmine]: Start testing Login page UI check username should not accept non alphnum a]bcAbc09
2019-04-24T13:41:44.220Z WARN [PageAction]: Not logged in, no need logout
2019-04-24T13:41:44.220Z WARN [Jasmine]: Start testing Login page UI check username should not accept non alphnum ^abcAbc09
2019-04-24T13:41:45.273Z WARN [PageAction]: Not logged in, no need logout
2019-04-24T13:41:45.274Z WARN [Jasmine]: Start testing Login page UI check username should not accept non alphnum abcAbc09^
2019-04-24T13:41:46.352Z WARN [PageAction]: Not logged in, no need logout
2019-04-24T13:41:46.354Z WARN [Jasmine]: Start testing Login page UI check username should not accept non alphnum a^bcAbc09
2019-04-24T13:41:47.467Z WARN [PageAction]: Not logged in, no need logout
2019-04-24T13:41:47.467Z WARN [Jasmine]: Start testing Login page UI check username should not accept non alphnum `abcAbc09
2019-04-24T13:41:48.580Z WARN [PageAction]: Not logged in, no need logout
2019-04-24T13:41:48.580Z WARN [Jasmine]: Start testing Login page UI check username should not accept non alphnum abcAbc09`
2019-04-24T13:41:49.670Z WARN [PageAction]: Not logged in, no need logout
2019-04-24T13:41:49.672Z WARN [Jasmine]: Start testing Login page UI check username should not accept non alphnum a`bcAbc09
2019-04-24T13:41:50.752Z WARN [PageAction]: Not logged in, no need logout
2019-04-24T13:41:50.752Z WARN [Jasmine]: Start testing Login page UI check username should not accept non alphnum {abcAbc09
2019-04-24T13:41:51.836Z WARN [PageAction]: Not logged in, no need logout
2019-04-24T13:41:51.837Z WARN [Jasmine]: Start testing Login page UI check username should not accept non alphnum abcAbc09{
2019-04-24T13:41:52.900Z WARN [PageAction]: Not logged in, no need logout
2019-04-24T13:41:52.900Z WARN [Jasmine]: Start testing Login page UI check username should not accept non alphnum a{bcAbc09
2019-04-24T13:41:54.007Z WARN [PageAction]: Not logged in, no need logout
2019-04-24T13:41:54.009Z WARN [Jasmine]: Start testing Login page UI check username should not accept non alphnum |abcAbc09
2019-04-24T13:41:55.131Z WARN [PageAction]: Not logged in, no need logout
2019-04-24T13:41:55.132Z WARN [Jasmine]: Start testing Login page UI check username should not accept non alphnum abcAbc09|
2019-04-24T13:41:56.183Z WARN [PageAction]: Not logged in, no need logout
2019-04-24T13:41:56.183Z WARN [Jasmine]: Start testing Login page UI check username should not accept non alphnum a|bcAbc09
2019-04-24T13:41:57.287Z WARN [PageAction]: Not logged in, no need logout
2019-04-24T13:41:57.289Z WARN [Jasmine]: Start testing Login page UI check username should not accept non alphnum }abcAbc09
2019-04-24T13:41:58.380Z WARN [PageAction]: Not logged in, no need logout
2019-04-24T13:41:58.380Z WARN [Jasmine]: Start testing Login page UI check username should not accept non alphnum abcAbc09}
2019-04-24T13:41:59.386Z WARN [PageAction]: Not logged in, no need logout
2019-04-24T13:41:59.386Z WARN [Jasmine]: Start testing Login page UI check username should not accept non alphnum a}bcAbc09
2019-04-24T13:42:00.436Z WARN [PageAction]: Not logged in, no need logout
